nohup: ignoring input
Total docs (missing docs only): 2255299
Processed 2000/2255299 (0.09%) | 4044.0 docs/s | ETA 00:09:17
Processed 4000/2255299 (0.18%) | 4053.8 docs/s | ETA 00:09:15
Processed 6000/2255299 (0.27%) | 3960.4 docs/s | ETA 00:09:27
Processed 8000/2255299 (0.35%) | 3971.7 docs/s | ETA 00:09:25
Processed 10000/2255299 (0.44%) | 3996.6 docs/s | ETA 00:09:21
Processed 12000/2255299 (0.53%) | 4036.2 docs/s | ETA 00:09:15
Processed 14000/2255299 (0.62%) | 3795.0 docs/s | ETA 00:09:50
Processed 16000/2255299 (0.71%) | 3871.5 docs/s | ETA 00:09:38
Processed 18000/2255299 (0.80%) | 3934.7 docs/s | ETA 00:09:28
Processed 20000/2255299 (0.89%) | 3978.5 docs/s | ETA 00:09:21
Committed intermediate batch
Processed 22000/2255299 (0.98%) | 3612.9 docs/s | ETA 00:10:18
Processed 24000/2255299 (1.06%) | 3677.9 docs/s | ETA 00:10:06
Processed 26000/2255299 (1.15%) | 3743.9 docs/s | ETA 00:09:55
Processed 28000/2255299 (1.24%) | 3788.9 docs/s | ETA 00:09:47
Processed 30000/2255299 (1.33%) | 3795.4 docs/s | ETA 00:09:46
Processed 32000/2255299 (1.42%) | 3806.3 docs/s | ETA 00:09:44
Processed 34000/2255299 (1.51%) | 3821.3 docs/s | ETA 00:09:41
Processed 36000/2255299 (1.60%) | 3827.6 docs/s | ETA 00:09:39
Processed 38000/2255299 (1.68%) | 3824.8 docs/s | ETA 00:09:39
Processed 40000/2255299 (1.77%) | 3831.9 docs/s | ETA 00:09:38
Committed intermediate batch
Processed 42000/2255299 (1.86%) | 3650.0 docs/s | ETA 00:10:06
Processed 44000/2255299 (1.95%) | 3670.4 docs/s | ETA 00:10:02
Processed 46000/2255299 (2.04%) | 3700.7 docs/s | ETA 00:09:56
Processed 48000/2255299 (2.13%) | 3721.3 docs/s | ETA 00:09:53
Processed 50000/2255299 (2.22%) | 3736.4 docs/s | ETA 00:09:50
Processed 52000/2255299 (2.31%) | 3755.4 docs/s | ETA 00:09:46
Processed 54000/2255299 (2.39%) | 3774.8 docs/s | ETA 00:09:43
Processed 56000/2255299 (2.48%) | 3773.8 docs/s | ETA 00:09:42
Processed 58000/2255299 (2.57%) | 3787.2 docs/s | ETA 00:09:40
Processed 60000/2255299 (2.66%) | 3789.4 docs/s | ETA 00:09:39
Committed intermediate batch
Processed 62000/2255299 (2.75%) | 3656.4 docs/s | ETA 00:09:59
Processed 64000/2255299 (2.84%) | 3676.5 docs/s | ETA 00:09:56
Processed 66000/2255299 (2.93%) | 3695.3 docs/s | ETA 00:09:52
Processed 68000/2255299 (3.02%) | 3705.5 docs/s | ETA 00:09:50
Processed 70000/2255299 (3.10%) | 3715.3 docs/s | ETA 00:09:48
Processed 72000/2255299 (3.19%) | 3726.9 docs/s | ETA 00:09:45
Processed 74000/2255299 (3.28%) | 3739.5 docs/s | ETA 00:09:43
Processed 76000/2255299 (3.37%) | 3745.5 docs/s | ETA 00:09:41
Processed 78000/2255299 (3.46%) | 3764.2 docs/s | ETA 00:09:38
Processed 80000/2255299 (3.55%) | 3781.0 docs/s | ETA 00:09:35
Committed intermediate batch
Processed 82000/2255299 (3.64%) | 3422.9 docs/s | ETA 00:10:34
Processed 84000/2255299 (3.72%) | 3439.9 docs/s | ETA 00:10:31
Processed 86000/2255299 (3.81%) | 3458.8 docs/s | ETA 00:10:27
Processed 88000/2255299 (3.90%) | 3475.8 docs/s | ETA 00:10:23
Processed 90000/2255299 (3.99%) | 3491.1 docs/s | ETA 00:10:20
Processed 92000/2255299 (4.08%) | 3511.5 docs/s | ETA 00:10:16
Processed 94000/2255299 (4.17%) | 3532.3 docs/s | ETA 00:10:11
Processed 96000/2255299 (4.26%) | 3547.3 docs/s | ETA 00:10:08
Processed 98000/2255299 (4.35%) | 3565.6 docs/s | ETA 00:10:05
Processed 100000/2255299 (4.43%) | 3582.6 docs/s | ETA 00:10:01
Committed intermediate batch
Processed 102000/2255299 (4.52%) | 3536.6 docs/s | ETA 00:10:08
Processed 104000/2255299 (4.61%) | 3552.0 docs/s | ETA 00:10:05
Processed 106000/2255299 (4.70%) | 3568.5 docs/s | ETA 00:10:02
Processed 108000/2255299 (4.79%) | 3585.3 docs/s | ETA 00:09:58
Processed 110000/2255299 (4.88%) | 3597.6 docs/s | ETA 00:09:56
Processed 112000/2255299 (4.97%) | 3610.0 docs/s | ETA 00:09:53
Processed 114000/2255299 (5.05%) | 3625.4 docs/s | ETA 00:09:50
Processed 116000/2255299 (5.14%) | 3637.2 docs/s | ETA 00:09:48
Processed 118000/2255299 (5.23%) | 3649.1 docs/s | ETA 00:09:45
Processed 120000/2255299 (5.32%) | 3659.5 docs/s | ETA 00:09:43
Committed intermediate batch
Processed 122000/2255299 (5.41%) | 3620.1 docs/s | ETA 00:09:49
Processed 124000/2255299 (5.50%) | 3634.8 docs/s | ETA 00:09:46
Processed 126000/2255299 (5.59%) | 3647.5 docs/s | ETA 00:09:43
Processed 128000/2255299 (5.68%) | 3656.8 docs/s | ETA 00:09:41
Processed 130000/2255299 (5.76%) | 3666.5 docs/s | ETA 00:09:39
Processed 132000/2255299 (5.85%) | 3677.5 docs/s | ETA 00:09:37
Processed 134000/2255299 (5.94%) | 3687.4 docs/s | ETA 00:09:35
Processed 136000/2255299 (6.03%) | 3696.0 docs/s | ETA 00:09:33
Processed 138000/2255299 (6.12%) | 3707.7 docs/s | ETA 00:09:31
Processed 140000/2255299 (6.21%) | 3716.6 docs/s | ETA 00:09:29
Committed intermediate batch
Processed 142000/2255299 (6.30%) | 3674.9 docs/s | ETA 00:09:35
Processed 144000/2255299 (6.38%) | 3683.2 docs/s | ETA 00:09:33
Processed 146000/2255299 (6.47%) | 3693.4 docs/s | ETA 00:09:31
Processed 148000/2255299 (6.56%) | 3699.5 docs/s | ETA 00:09:29
Processed 150000/2255299 (6.65%) | 3708.2 docs/s | ETA 00:09:27
Processed 152000/2255299 (6.74%) | 3716.1 docs/s | ETA 00:09:25
Processed 154000/2255299 (6.83%) | 3724.8 docs/s | ETA 00:09:24
Processed 156000/2255299 (6.92%) | 3730.8 docs/s | ETA 00:09:22
Processed 158000/2255299 (7.01%) | 3740.1 docs/s | ETA 00:09:20
Processed 160000/2255299 (7.09%) | 3748.5 docs/s | ETA 00:09:18
Committed intermediate batch
Processed 162000/2255299 (7.18%) | 3707.4 docs/s | ETA 00:09:24
Processed 164000/2255299 (7.27%) | 3714.1 docs/s | ETA 00:09:23
Processed 166000/2255299 (7.36%) | 3719.3 docs/s | ETA 00:09:21
Processed 168000/2255299 (7.45%) | 3724.3 docs/s | ETA 00:09:20
Processed 170000/2255299 (7.54%) | 3720.3 docs/s | ETA 00:09:20
Processed 172000/2255299 (7.63%) | 3719.9 docs/s | ETA 00:09:20
Processed 174000/2255299 (7.72%) | 3721.3 docs/s | ETA 00:09:19
Processed 176000/2255299 (7.80%) | 3717.5 docs/s | ETA 00:09:19
Processed 178000/2255299 (7.89%) | 3716.5 docs/s | ETA 00:09:18
Processed 180000/2255299 (7.98%) | 3716.5 docs/s | ETA 00:09:18
Committed intermediate batch
Processed 182000/2255299 (8.07%) | 3670.4 docs/s | ETA 00:09:24
Processed 184000/2255299 (8.16%) | 3673.0 docs/s | ETA 00:09:23
Processed 186000/2255299 (8.25%) | 3672.7 docs/s | ETA 00:09:23
Processed 188000/2255299 (8.34%) | 3675.5 docs/s | ETA 00:09:22
Processed 190000/2255299 (8.42%) | 3677.5 docs/s | ETA 00:09:21
Processed 192000/2255299 (8.51%) | 3677.9 docs/s | ETA 00:09:21
Processed 194000/2255299 (8.60%) | 3674.9 docs/s | ETA 00:09:20
Processed 196000/2255299 (8.69%) | 3676.5 docs/s | ETA 00:09:20
Processed 198000/2255299 (8.78%) | 3674.1 docs/s | ETA 00:09:19
Processed 200000/2255299 (8.87%) | 3673.8 docs/s | ETA 00:09:19
Committed intermediate batch
Processed 202000/2255299 (8.96%) | 3630.1 docs/s | ETA 00:09:25
Processed 204000/2255299 (9.05%) | 3633.8 docs/s | ETA 00:09:24
Processed 206000/2255299 (9.13%) | 3637.1 docs/s | ETA 00:09:23
Processed 208000/2255299 (9.22%) | 3636.3 docs/s | ETA 00:09:23
Processed 210000/2255299 (9.31%) | 3639.7 docs/s | ETA 00:09:21
Processed 212000/2255299 (9.40%) | 3644.0 docs/s | ETA 00:09:20
Processed 214000/2255299 (9.49%) | 3643.8 docs/s | ETA 00:09:20
Processed 216000/2255299 (9.58%) | 3647.1 docs/s | ETA 00:09:19
Processed 218000/2255299 (9.67%) | 3646.3 docs/s | ETA 00:09:18
Processed 220000/2255299 (9.75%) | 3648.0 docs/s | ETA 00:09:17
Committed intermediate batch
Processed 222000/2255299 (9.84%) | 3606.5 docs/s | ETA 00:09:23
Processed 224000/2255299 (9.93%) | 3613.4 docs/s | ETA 00:09:22
Processed 226000/2255299 (10.02%) | 3619.9 docs/s | ETA 00:09:20
Processed 228000/2255299 (10.11%) | 3621.3 docs/s | ETA 00:09:19
Processed 230000/2255299 (10.20%) | 3625.8 docs/s | ETA 00:09:18
Processed 232000/2255299 (10.29%) | 3630.8 docs/s | ETA 00:09:17
Processed 234000/2255299 (10.38%) | 3636.4 docs/s | ETA 00:09:15
Processed 236000/2255299 (10.46%) | 3639.6 docs/s | ETA 00:09:14
Processed 238000/2255299 (10.55%) | 3643.5 docs/s | ETA 00:09:13
Processed 240000/2255299 (10.64%) | 3647.7 docs/s | ETA 00:09:12
Committed intermediate batch
Processed 242000/2255299 (10.73%) | 3615.0 docs/s | ETA 00:09:16
Processed 244000/2255299 (10.82%) | 3619.0 docs/s | ETA 00:09:15
Processed 246000/2255299 (10.91%) | 3623.6 docs/s | ETA 00:09:14
Processed 248000/2255299 (11.00%) | 3627.0 docs/s | ETA 00:09:13
Processed 250000/2255299 (11.09%) | 3628.9 docs/s | ETA 00:09:12
Processed 252000/2255299 (11.17%) | 3631.1 docs/s | ETA 00:09:11
Processed 254000/2255299 (11.26%) | 3635.2 docs/s | ETA 00:09:10
Processed 256000/2255299 (11.35%) | 3637.9 docs/s | ETA 00:09:09
Processed 258000/2255299 (11.44%) | 3640.5 docs/s | ETA 00:09:08
Processed 260000/2255299 (11.53%) | 3644.1 docs/s | ETA 00:09:07
Committed intermediate batch
Processed 262000/2255299 (11.62%) | 3620.1 docs/s | ETA 00:09:10
Processed 264000/2255299 (11.71%) | 3624.0 docs/s | ETA 00:09:09
Processed 266000/2255299 (11.79%) | 3628.8 docs/s | ETA 00:09:08
Processed 268000/2255299 (11.88%) | 3633.7 docs/s | ETA 00:09:06
Processed 270000/2255299 (11.97%) | 3636.0 docs/s | ETA 00:09:06
Processed 272000/2255299 (12.06%) | 3640.4 docs/s | ETA 00:09:04
Processed 274000/2255299 (12.15%) | 3644.9 docs/s | ETA 00:09:03
Processed 276000/2255299 (12.24%) | 3647.8 docs/s | ETA 00:09:02
Processed 278000/2255299 (12.33%) | 3651.7 docs/s | ETA 00:09:01
Processed 280000/2255299 (12.42%) | 3655.2 docs/s | ETA 00:09:00
Committed intermediate batch
Processed 282000/2255299 (12.50%) | 3634.2 docs/s | ETA 00:09:02
Processed 284000/2255299 (12.59%) | 3638.8 docs/s | ETA 00:09:01
Processed 286000/2255299 (12.68%) | 3642.1 docs/s | ETA 00:09:00
Processed 288000/2255299 (12.77%) | 3647.3 docs/s | ETA 00:08:59
Processed 290000/2255299 (12.86%) | 3649.2 docs/s | ETA 00:08:58
Processed 292000/2255299 (12.95%) | 3653.2 docs/s | ETA 00:08:57
Processed 294000/2255299 (13.04%) | 3656.1 docs/s | ETA 00:08:56
Processed 296000/2255299 (13.12%) | 3658.3 docs/s | ETA 00:08:55
Processed 298000/2255299 (13.21%) | 3662.7 docs/s | ETA 00:08:54
Processed 300000/2255299 (13.30%) | 3667.1 docs/s | ETA 00:08:53
Committed intermediate batch
Processed 302000/2255299 (13.39%) | 3651.1 docs/s | ETA 00:08:54
Processed 304000/2255299 (13.48%) | 3654.9 docs/s | ETA 00:08:53
Processed 306000/2255299 (13.57%) | 3658.8 docs/s | ETA 00:08:52
Processed 308000/2255299 (13.66%) | 3662.9 docs/s | ETA 00:08:51
Processed 310000/2255299 (13.75%) | 3665.9 docs/s | ETA 00:08:50
Processed 312000/2255299 (13.83%) | 3666.6 docs/s | ETA 00:08:50
Processed 314000/2255299 (13.92%) | 3668.6 docs/s | ETA 00:08:49
Processed 316000/2255299 (14.01%) | 3672.9 docs/s | ETA 00:08:47
Processed 318000/2255299 (14.10%) | 3676.8 docs/s | ETA 00:08:46
Processed 320000/2255299 (14.19%) | 3680.1 docs/s | ETA 00:08:45
Committed intermediate batch
Processed 322000/2255299 (14.28%) | 3660.8 docs/s | ETA 00:08:48
Processed 324000/2255299 (14.37%) | 3664.1 docs/s | ETA 00:08:47
Processed 326000/2255299 (14.45%) | 3669.7 docs/s | ETA 00:08:45
Processed 328000/2255299 (14.54%) | 3674.0 docs/s | ETA 00:08:44
Processed 330000/2255299 (14.63%) | 3677.6 docs/s | ETA 00:08:43
Processed 332000/2255299 (14.72%) | 3681.2 docs/s | ETA 00:08:42
Processed 334000/2255299 (14.81%) | 3684.1 docs/s | ETA 00:08:41
Processed 336000/2255299 (14.90%) | 3683.3 docs/s | ETA 00:08:41
Processed 338000/2255299 (14.99%) | 3687.4 docs/s | ETA 00:08:39
Processed 340000/2255299 (15.08%) | 3690.4 docs/s | ETA 00:08:38
Committed intermediate batch
Processed 342000/2255299 (15.16%) | 3670.3 docs/s | ETA 00:08:41
Processed 344000/2255299 (15.25%) | 3673.3 docs/s | ETA 00:08:40
Processed 346000/2255299 (15.34%) | 3675.9 docs/s | ETA 00:08:39
Processed 348000/2255299 (15.43%) | 3679.5 docs/s | ETA 00:08:38
Processed 350000/2255299 (15.52%) | 3682.6 docs/s | ETA 00:08:37
Processed 352000/2255299 (15.61%) | 3684.0 docs/s | ETA 00:08:36
Processed 354000/2255299 (15.70%) | 3685.5 docs/s | ETA 00:08:35
Processed 356000/2255299 (15.79%) | 3689.4 docs/s | ETA 00:08:34
Processed 358000/2255299 (15.87%) | 3693.0 docs/s | ETA 00:08:33
Processed 360000/2255299 (15.96%) | 3694.2 docs/s | ETA 00:08:33
Committed intermediate batch
Processed 362000/2255299 (16.05%) | 3677.0 docs/s | ETA 00:08:34
Processed 364000/2255299 (16.14%) | 3681.3 docs/s | ETA 00:08:33
Processed 366000/2255299 (16.23%) | 3685.0 docs/s | ETA 00:08:32
Processed 368000/2255299 (16.32%) | 3688.8 docs/s | ETA 00:08:31
Processed 370000/2255299 (16.41%) | 3692.4 docs/s | ETA 00:08:30
Processed 372000/2255299 (16.49%) | 3697.0 docs/s | ETA 00:08:29
Processed 374000/2255299 (16.58%) | 3701.1 docs/s | ETA 00:08:28
Processed 376000/2255299 (16.67%) | 3703.6 docs/s | ETA 00:08:27
Processed 378000/2255299 (16.76%) | 3707.5 docs/s | ETA 00:08:26
Processed 380000/2255299 (16.85%) | 3711.6 docs/s | ETA 00:08:25
Committed intermediate batch
Processed 382000/2255299 (16.94%) | 3697.7 docs/s | ETA 00:08:26
Processed 384000/2255299 (17.03%) | 3702.7 docs/s | ETA 00:08:25
Processed 386000/2255299 (17.12%) | 3707.8 docs/s | ETA 00:08:24
Processed 388000/2255299 (17.20%) | 3710.8 docs/s | ETA 00:08:23
Processed 390000/2255299 (17.29%) | 3711.5 docs/s | ETA 00:08:22
Processed 392000/2255299 (17.38%) | 3715.3 docs/s | ETA 00:08:21
Processed 394000/2255299 (17.47%) | 3720.0 docs/s | ETA 00:08:20
Processed 396000/2255299 (17.56%) | 3724.8 docs/s | ETA 00:08:19
Processed 398000/2255299 (17.65%) | 3728.7 docs/s | ETA 00:08:18
Processed 400000/2255299 (17.74%) | 3732.3 docs/s | ETA 00:08:17
Committed intermediate batch
Processed 402000/2255299 (17.82%) | 3719.9 docs/s | ETA 00:08:18
Processed 404000/2255299 (17.91%) | 3722.5 docs/s | ETA 00:08:17
Processed 406000/2255299 (18.00%) | 3725.5 docs/s | ETA 00:08:16
Processed 408000/2255299 (18.09%) | 3728.5 docs/s | ETA 00:08:15
Processed 410000/2255299 (18.18%) | 3730.3 docs/s | ETA 00:08:14
Processed 412000/2255299 (18.27%) | 3732.8 docs/s | ETA 00:08:13
Processed 414000/2255299 (18.36%) | 3735.2 docs/s | ETA 00:08:12
Processed 416000/2255299 (18.45%) | 3735.8 docs/s | ETA 00:08:12
Processed 418000/2255299 (18.53%) | 3739.1 docs/s | ETA 00:08:11
Processed 420000/2255299 (18.62%) | 3743.1 docs/s | ETA 00:08:10
Committed intermediate batch
Processed 422000/2255299 (18.71%) | 3727.4 docs/s | ETA 00:08:11
Processed 424000/2255299 (18.80%) | 3730.6 docs/s | ETA 00:08:10
Processed 426000/2255299 (18.89%) | 3734.2 docs/s | ETA 00:08:09
Processed 428000/2255299 (18.98%) | 3737.9 docs/s | ETA 00:08:08
Processed 430000/2255299 (19.07%) | 3740.9 docs/s | ETA 00:08:07
Processed 432000/2255299 (19.15%) | 3743.4 docs/s | ETA 00:08:07
Processed 434000/2255299 (19.24%) | 3746.2 docs/s | ETA 00:08:06
Processed 436000/2255299 (19.33%) | 3749.5 docs/s | ETA 00:08:05
Processed 438000/2255299 (19.42%) | 3752.8 docs/s | ETA 00:08:04
Processed 440000/2255299 (19.51%) | 3756.3 docs/s | ETA 00:08:03
Committed intermediate batch
Processed 442000/2255299 (19.60%) | 3745.6 docs/s | ETA 00:08:04
Processed 444000/2255299 (19.69%) | 3749.6 docs/s | ETA 00:08:03
Processed 446000/2255299 (19.78%) | 3752.9 docs/s | ETA 00:08:02
Processed 448000/2255299 (19.86%) | 3756.5 docs/s | ETA 00:08:01
Processed 450000/2255299 (19.95%) | 3758.9 docs/s | ETA 00:08:00
Processed 452000/2255299 (20.04%) | 3761.3 docs/s | ETA 00:07:59
Processed 454000/2255299 (20.13%) | 3764.0 docs/s | ETA 00:07:58
Processed 456000/2255299 (20.22%) | 3767.3 docs/s | ETA 00:07:57
Processed 458000/2255299 (20.31%) | 3770.5 docs/s | ETA 00:07:56
Processed 460000/2255299 (20.40%) | 3773.1 docs/s | ETA 00:07:55
Committed intermediate batch
Processed 462000/2255299 (20.49%) | 3759.1 docs/s | ETA 00:07:57
Processed 464000/2255299 (20.57%) | 3761.9 docs/s | ETA 00:07:56
Processed 466000/2255299 (20.66%) | 3765.7 docs/s | ETA 00:07:55
Processed 468000/2255299 (20.75%) | 3769.2 docs/s | ETA 00:07:54
Processed 470000/2255299 (20.84%) | 3771.1 docs/s | ETA 00:07:53
Processed 472000/2255299 (20.93%) | 3773.3 docs/s | ETA 00:07:52
Processed 474000/2255299 (21.02%) | 3775.9 docs/s | ETA 00:07:51
Processed 476000/2255299 (21.11%) | 3778.5 docs/s | ETA 00:07:50
Processed 478000/2255299 (21.19%) | 3780.8 docs/s | ETA 00:07:50
Processed 480000/2255299 (21.28%) | 3783.8 docs/s | ETA 00:07:49
Committed intermediate batch
Processed 482000/2255299 (21.37%) | 3773.4 docs/s | ETA 00:07:49
Processed 484000/2255299 (21.46%) | 3775.4 docs/s | ETA 00:07:49
Processed 486000/2255299 (21.55%) | 3778.6 docs/s | ETA 00:07:48
Processed 488000/2255299 (21.64%) | 3781.7 docs/s | ETA 00:07:47
Processed 490000/2255299 (21.73%) | 3783.5 docs/s | ETA 00:07:46
Processed 492000/2255299 (21.82%) | 3784.6 docs/s | ETA 00:07:45
Processed 494000/2255299 (21.90%) | 3786.7 docs/s | ETA 00:07:45
Processed 496000/2255299 (21.99%) | 3789.3 docs/s | ETA 00:07:44
Processed 498000/2255299 (22.08%) | 3791.0 docs/s | ETA 00:07:43
Processed 500000/2255299 (22.17%) | 3792.8 docs/s | ETA 00:07:42
Committed intermediate batch
Processed 502000/2255299 (22.26%) | 3780.6 docs/s | ETA 00:07:43
Processed 504000/2255299 (22.35%) | 3783.5 docs/s | ETA 00:07:42
Processed 506000/2255299 (22.44%) | 3784.8 docs/s | ETA 00:07:42
Processed 508000/2255299 (22.52%) | 3787.3 docs/s | ETA 00:07:41
Processed 510000/2255299 (22.61%) | 3789.5 docs/s | ETA 00:07:40
Processed 512000/2255299 (22.70%) | 3792.4 docs/s | ETA 00:07:39
Processed 514000/2255299 (22.79%) | 3794.2 docs/s | ETA 00:07:38
Processed 516000/2255299 (22.88%) | 3795.8 docs/s | ETA 00:07:38
Processed 518000/2255299 (22.97%) | 3799.1 docs/s | ETA 00:07:37
Processed 520000/2255299 (23.06%) | 3801.7 docs/s | ETA 00:07:36
Committed intermediate batch
Processed 522000/2255299 (23.15%) | 3791.8 docs/s | ETA 00:07:37
Processed 524000/2255299 (23.23%) | 3794.2 docs/s | ETA 00:07:36
Processed 526000/2255299 (23.32%) | 3797.3 docs/s | ETA 00:07:35
Processed 528000/2255299 (23.41%) | 3799.3 docs/s | ETA 00:07:34
Processed 530000/2255299 (23.50%) | 3802.0 docs/s | ETA 00:07:33
Processed 532000/2255299 (23.59%) | 3804.2 docs/s | ETA 00:07:32
Processed 534000/2255299 (23.68%) | 3806.9 docs/s | ETA 00:07:32
Processed 536000/2255299 (23.77%) | 3809.7 docs/s | ETA 00:07:31
Processed 538000/2255299 (23.85%) | 3811.9 docs/s | ETA 00:07:30
Processed 540000/2255299 (23.94%) | 3814.1 docs/s | ETA 00:07:29
Committed intermediate batch
Processed 542000/2255299 (24.03%) | 3804.6 docs/s | ETA 00:07:30
Processed 544000/2255299 (24.12%) | 3806.8 docs/s | ETA 00:07:29
Processed 546000/2255299 (24.21%) | 3809.1 docs/s | ETA 00:07:28
Processed 548000/2255299 (24.30%) | 3812.4 docs/s | ETA 00:07:27
Processed 550000/2255299 (24.39%) | 3814.7 docs/s | ETA 00:07:27
Processed 552000/2255299 (24.48%) | 3815.8 docs/s | ETA 00:07:26
Processed 554000/2255299 (24.56%) | 3817.9 docs/s | ETA 00:07:25
Processed 556000/2255299 (24.65%) | 3820.2 docs/s | ETA 00:07:24
Processed 558000/2255299 (24.74%) | 3822.9 docs/s | ETA 00:07:23
Processed 560000/2255299 (24.83%) | 3825.4 docs/s | ETA 00:07:23
Committed intermediate batch
Processed 562000/2255299 (24.92%) | 3816.3 docs/s | ETA 00:07:23
Processed 564000/2255299 (25.01%) | 3819.6 docs/s | ETA 00:07:22
Processed 566000/2255299 (25.10%) | 3822.4 docs/s | ETA 00:07:21
Processed 568000/2255299 (25.19%) | 3824.9 docs/s | ETA 00:07:21
Processed 570000/2255299 (25.27%) | 3827.3 docs/s | ETA 00:07:20
Processed 572000/2255299 (25.36%) | 3830.6 docs/s | ETA 00:07:19
Processed 574000/2255299 (25.45%) | 3833.6 docs/s | ETA 00:07:18
Processed 576000/2255299 (25.54%) | 3836.1 docs/s | ETA 00:07:17
Processed 578000/2255299 (25.63%) | 3838.8 docs/s | ETA 00:07:16
Processed 580000/2255299 (25.72%) | 3841.0 docs/s | ETA 00:07:16
Committed intermediate batch
Processed 582000/2255299 (25.81%) | 3830.0 docs/s | ETA 00:07:16
Processed 584000/2255299 (25.89%) | 3832.5 docs/s | ETA 00:07:16
Processed 586000/2255299 (25.98%) | 3833.9 docs/s | ETA 00:07:15
Processed 588000/2255299 (26.07%) | 3836.6 docs/s | ETA 00:07:14
Processed 590000/2255299 (26.16%) | 3838.3 docs/s | ETA 00:07:13
Processed 592000/2255299 (26.25%) | 3840.8 docs/s | ETA 00:07:13
Processed 594000/2255299 (26.34%) | 3843.5 docs/s | ETA 00:07:12
Processed 596000/2255299 (26.43%) | 3846.3 docs/s | ETA 00:07:11
Processed 598000/2255299 (26.52%) | 3848.9 docs/s | ETA 00:07:10
Processed 600000/2255299 (26.60%) | 3850.9 docs/s | ETA 00:07:09
Committed intermediate batch
Processed 602000/2255299 (26.69%) | 3839.0 docs/s | ETA 00:07:10
Processed 604000/2255299 (26.78%) | 3841.8 docs/s | ETA 00:07:09
Processed 606000/2255299 (26.87%) | 3844.2 docs/s | ETA 00:07:09
Processed 608000/2255299 (26.96%) | 3846.3 docs/s | ETA 00:07:08
Processed 610000/2255299 (27.05%) | 3847.9 docs/s | ETA 00:07:07
Processed 612000/2255299 (27.14%) | 3849.4 docs/s | ETA 00:07:06
Processed 614000/2255299 (27.22%) | 3851.5 docs/s | ETA 00:07:06
Processed 616000/2255299 (27.31%) | 3853.9 docs/s | ETA 00:07:05
Processed 618000/2255299 (27.40%) | 3856.7 docs/s | ETA 00:07:04
Processed 620000/2255299 (27.49%) | 3859.4 docs/s | ETA 00:07:03
Committed intermediate batch
Processed 622000/2255299 (27.58%) | 3850.6 docs/s | ETA 00:07:04
Processed 624000/2255299 (27.67%) | 3852.8 docs/s | ETA 00:07:03
Processed 626000/2255299 (27.76%) | 3855.4 docs/s | ETA 00:07:02
Processed 628000/2255299 (27.85%) | 3857.3 docs/s | ETA 00:07:01
Processed 630000/2255299 (27.93%) | 3859.0 docs/s | ETA 00:07:01
Processed 632000/2255299 (28.02%) | 3861.2 docs/s | ETA 00:07:00
Processed 634000/2255299 (28.11%) | 3863.9 docs/s | ETA 00:06:59
Processed 636000/2255299 (28.20%) | 3865.8 docs/s | ETA 00:06:58
Processed 638000/2255299 (28.29%) | 3866.9 docs/s | ETA 00:06:58
Processed 640000/2255299 (28.38%) | 3868.8 docs/s | ETA 00:06:57
Committed intermediate batch
Processed 642000/2255299 (28.47%) | 3858.8 docs/s | ETA 00:06:58
Processed 644000/2255299 (28.55%) | 3859.4 docs/s | ETA 00:06:57
Processed 646000/2255299 (28.64%) | 3861.1 docs/s | ETA 00:06:56
Processed 648000/2255299 (28.73%) | 3863.2 docs/s | ETA 00:06:56
Processed 650000/2255299 (28.82%) | 3865.1 docs/s | ETA 00:06:55
Processed 652000/2255299 (28.91%) | 3866.5 docs/s | ETA 00:06:54
Processed 654000/2255299 (29.00%) | 3868.4 docs/s | ETA 00:06:53
Processed 656000/2255299 (29.09%) | 3870.7 docs/s | ETA 00:06:53
Processed 658000/2255299 (29.18%) | 3872.7 docs/s | ETA 00:06:52
Processed 660000/2255299 (29.26%) | 3874.4 docs/s | ETA 00:06:51
Committed intermediate batch
Processed 662000/2255299 (29.35%) | 3865.5 docs/s | ETA 00:06:52
Processed 664000/2255299 (29.44%) | 3868.1 docs/s | ETA 00:06:51
Processed 666000/2255299 (29.53%) | 3870.3 docs/s | ETA 00:06:50
Processed 668000/2255299 (29.62%) | 3872.4 docs/s | ETA 00:06:49
Processed 670000/2255299 (29.71%) | 3874.2 docs/s | ETA 00:06:49
Processed 672000/2255299 (29.80%) | 3876.5 docs/s | ETA 00:06:48
Processed 674000/2255299 (29.89%) | 3878.6 docs/s | ETA 00:06:47
Processed 676000/2255299 (29.97%) | 3880.2 docs/s | ETA 00:06:47
Processed 678000/2255299 (30.06%) | 3882.1 docs/s | ETA 00:06:46
Processed 680000/2255299 (30.15%) | 3883.7 docs/s | ETA 00:06:45
Committed intermediate batch
Processed 682000/2255299 (30.24%) | 3874.0 docs/s | ETA 00:06:46
Processed 684000/2255299 (30.33%) | 3876.0 docs/s | ETA 00:06:45
Processed 686000/2255299 (30.42%) | 3878.7 docs/s | ETA 00:06:44
Processed 688000/2255299 (30.51%) | 3880.5 docs/s | ETA 00:06:43
Processed 690000/2255299 (30.59%) | 3882.4 docs/s | ETA 00:06:43
Processed 692000/2255299 (30.68%) | 3883.9 docs/s | ETA 00:06:42
Processed 694000/2255299 (30.77%) | 3885.2 docs/s | ETA 00:06:41
Processed 696000/2255299 (30.86%) | 3887.1 docs/s | ETA 00:06:41
Processed 698000/2255299 (30.95%) | 3888.8 docs/s | ETA 00:06:40
Processed 700000/2255299 (31.04%) | 3890.8 docs/s | ETA 00:06:39
Committed intermediate batch
Processed 702000/2255299 (31.13%) | 3882.9 docs/s | ETA 00:06:40
Processed 704000/2255299 (31.22%) | 3884.8 docs/s | ETA 00:06:39
Processed 706000/2255299 (31.30%) | 3887.0 docs/s | ETA 00:06:38
Processed 708000/2255299 (31.39%) | 3889.3 docs/s | ETA 00:06:37
Processed 710000/2255299 (31.48%) | 3890.7 docs/s | ETA 00:06:37
Processed 712000/2255299 (31.57%) | 3891.3 docs/s | ETA 00:06:36
Processed 714000/2255299 (31.66%) | 3893.2 docs/s | ETA 00:06:35
Processed 716000/2255299 (31.75%) | 3895.4 docs/s | ETA 00:06:35
Processed 718000/2255299 (31.84%) | 3897.7 docs/s | ETA 00:06:34
Processed 720000/2255299 (31.92%) | 3899.8 docs/s | ETA 00:06:33
Committed intermediate batch
Processed 722000/2255299 (32.01%) | 3892.2 docs/s | ETA 00:06:33
Processed 724000/2255299 (32.10%) | 3893.9 docs/s | ETA 00:06:33
Processed 726000/2255299 (32.19%) | 3895.9 docs/s | ETA 00:06:32
Processed 728000/2255299 (32.28%) | 3897.5 docs/s | ETA 00:06:31
Processed 730000/2255299 (32.37%) | 3899.1 docs/s | ETA 00:06:31
Processed 732000/2255299 (32.46%) | 3901.0 docs/s | ETA 00:06:30
Processed 734000/2255299 (32.55%) | 3902.9 docs/s | ETA 00:06:29
Processed 736000/2255299 (32.63%) | 3904.2 docs/s | ETA 00:06:29
Processed 738000/2255299 (32.72%) | 3906.1 docs/s | ETA 00:06:28
Processed 740000/2255299 (32.81%) | 3908.1 docs/s | ETA 00:06:27
Committed intermediate batch
Processed 742000/2255299 (32.90%) | 3899.5 docs/s | ETA 00:06:28
Processed 744000/2255299 (32.99%) | 3901.7 docs/s | ETA 00:06:27
Processed 746000/2255299 (33.08%) | 3904.1 docs/s | ETA 00:06:26
Processed 748000/2255299 (33.17%) | 3905.7 docs/s | ETA 00:06:25
Processed 750000/2255299 (33.26%) | 3907.8 docs/s | ETA 00:06:25
Processed 752000/2255299 (33.34%) | 3909.9 docs/s | ETA 00:06:24
Processed 754000/2255299 (33.43%) | 3912.3 docs/s | ETA 00:06:23
Processed 756000/2255299 (33.52%) | 3914.4 docs/s | ETA 00:06:23
Processed 758000/2255299 (33.61%) | 3914.3 docs/s | ETA 00:06:22
Processed 760000/2255299 (33.70%) | 3914.7 docs/s | ETA 00:06:21
Committed intermediate batch
Processed 762000/2255299 (33.79%) | 3906.6 docs/s | ETA 00:06:22
Processed 764000/2255299 (33.88%) | 3908.0 docs/s | ETA 00:06:21
Processed 766000/2255299 (33.96%) | 3910.1 docs/s | ETA 00:06:20
Processed 768000/2255299 (34.05%) | 3911.4 docs/s | ETA 00:06:20
Processed 770000/2255299 (34.14%) | 3912.9 docs/s | ETA 00:06:19
Processed 772000/2255299 (34.23%) | 3914.8 docs/s | ETA 00:06:18
Processed 774000/2255299 (34.32%) | 3916.6 docs/s | ETA 00:06:18
Processed 776000/2255299 (34.41%) | 3918.0 docs/s | ETA 00:06:17
Processed 778000/2255299 (34.50%) | 3919.5 docs/s | ETA 00:06:16
Processed 780000/2255299 (34.59%) | 3920.7 docs/s | ETA 00:06:16
Committed intermediate batch
Processed 782000/2255299 (34.67%) | 3911.3 docs/s | ETA 00:06:16
Processed 784000/2255299 (34.76%) | 3912.4 docs/s | ETA 00:06:16
Processed 786000/2255299 (34.85%) | 3913.9 docs/s | ETA 00:06:15
Processed 788000/2255299 (34.94%) | 3916.1 docs/s | ETA 00:06:14
Processed 790000/2255299 (35.03%) | 3917.1 docs/s | ETA 00:06:14
Processed 792000/2255299 (35.12%) | 3919.0 docs/s | ETA 00:06:13
Processed 794000/2255299 (35.21%) | 3920.8 docs/s | ETA 00:06:12
Processed 796000/2255299 (35.29%) | 3922.8 docs/s | ETA 00:06:12
Processed 798000/2255299 (35.38%) | 3924.1 docs/s | ETA 00:06:11
Processed 800000/2255299 (35.47%) | 3926.1 docs/s | ETA 00:06:10
Committed intermediate batch
Processed 802000/2255299 (35.56%) | 3919.9 docs/s | ETA 00:06:10
Processed 804000/2255299 (35.65%) | 3922.0 docs/s | ETA 00:06:10
Processed 806000/2255299 (35.74%) | 3923.3 docs/s | ETA 00:06:09
Processed 808000/2255299 (35.83%) | 3925.2 docs/s | ETA 00:06:08
Processed 810000/2255299 (35.92%) | 3927.2 docs/s | ETA 00:06:08
Processed 812000/2255299 (36.00%) | 3929.1 docs/s | ETA 00:06:07
Processed 814000/2255299 (36.09%) | 3930.5 docs/s | ETA 00:06:06
Processed 816000/2255299 (36.18%) | 3932.4 docs/s | ETA 00:06:06
Processed 818000/2255299 (36.27%) | 3934.6 docs/s | ETA 00:06:05
Processed 820000/2255299 (36.36%) | 3936.5 docs/s | ETA 00:06:04
Committed intermediate batch
Processed 822000/2255299 (36.45%) | 3927.3 docs/s | ETA 00:06:04
Processed 824000/2255299 (36.54%) | 3929.3 docs/s | ETA 00:06:04
Processed 826000/2255299 (36.62%) | 3931.3 docs/s | ETA 00:06:03
Processed 828000/2255299 (36.71%) | 3933.0 docs/s | ETA 00:06:02
Processed 830000/2255299 (36.80%) | 3934.4 docs/s | ETA 00:06:02
Processed 832000/2255299 (36.89%) | 3936.2 docs/s | ETA 00:06:01
Processed 834000/2255299 (36.98%) | 3937.9 docs/s | ETA 00:06:00
Processed 836000/2255299 (37.07%) | 3939.6 docs/s | ETA 00:06:00
Processed 838000/2255299 (37.16%) | 3940.4 docs/s | ETA 00:05:59
Processed 840000/2255299 (37.25%) | 3942.2 docs/s | ETA 00:05:59
Committed intermediate batch
Processed 842000/2255299 (37.33%) | 3935.9 docs/s | ETA 00:05:59
Processed 844000/2255299 (37.42%) | 3937.4 docs/s | ETA 00:05:58
Processed 846000/2255299 (37.51%) | 3938.9 docs/s | ETA 00:05:57
Processed 848000/2255299 (37.60%) | 3940.8 docs/s | ETA 00:05:57
Processed 850000/2255299 (37.69%) | 3942.2 docs/s | ETA 00:05:56
Processed 852000/2255299 (37.78%) | 3943.9 docs/s | ETA 00:05:55
Processed 854000/2255299 (37.87%) | 3945.3 docs/s | ETA 00:05:55
Processed 856000/2255299 (37.96%) | 3947.4 docs/s | ETA 00:05:54
Processed 858000/2255299 (38.04%) | 3949.3 docs/s | ETA 00:05:53
Processed 860000/2255299 (38.13%) | 3950.8 docs/s | ETA 00:05:53
Committed intermediate batch
Processed 862000/2255299 (38.22%) | 3944.4 docs/s | ETA 00:05:53
Processed 864000/2255299 (38.31%) | 3945.8 docs/s | ETA 00:05:52
Processed 866000/2255299 (38.40%) | 3947.5 docs/s | ETA 00:05:51
Processed 868000/2255299 (38.49%) | 3948.4 docs/s | ETA 00:05:51
Processed 870000/2255299 (38.58%) | 3949.4 docs/s | ETA 00:05:50
Processed 872000/2255299 (38.66%) | 3951.0 docs/s | ETA 00:05:50
Processed 874000/2255299 (38.75%) | 3952.5 docs/s | ETA 00:05:49
Processed 876000/2255299 (38.84%) | 3954.5 docs/s | ETA 00:05:48
Processed 878000/2255299 (38.93%) | 3955.7 docs/s | ETA 00:05:48
Processed 880000/2255299 (39.02%) | 3957.4 docs/s | ETA 00:05:47
Committed intermediate batch
Processed 882000/2255299 (39.11%) | 3949.9 docs/s | ETA 00:05:47
Processed 884000/2255299 (39.20%) | 3951.5 docs/s | ETA 00:05:47
Processed 886000/2255299 (39.29%) | 3953.1 docs/s | ETA 00:05:46
Processed 888000/2255299 (39.37%) | 3954.6 docs/s | ETA 00:05:45
Processed 890000/2255299 (39.46%) | 3956.4 docs/s | ETA 00:05:45
Processed 892000/2255299 (39.55%) | 3957.9 docs/s | ETA 00:05:44
Processed 894000/2255299 (39.64%) | 3959.0 docs/s | ETA 00:05:43
Processed 896000/2255299 (39.73%) | 3960.3 docs/s | ETA 00:05:43
Processed 898000/2255299 (39.82%) | 3961.5 docs/s | ETA 00:05:42
Processed 900000/2255299 (39.91%) | 3962.5 docs/s | ETA 00:05:42
Committed intermediate batch
Processed 902000/2255299 (39.99%) | 3956.4 docs/s | ETA 00:05:42
Processed 904000/2255299 (40.08%) | 3957.8 docs/s | ETA 00:05:41
Processed 906000/2255299 (40.17%) | 3959.5 docs/s | ETA 00:05:40
Processed 908000/2255299 (40.26%) | 3960.8 docs/s | ETA 00:05:40
Processed 910000/2255299 (40.35%) | 3961.9 docs/s | ETA 00:05:39
Processed 912000/2255299 (40.44%) | 3963.5 docs/s | ETA 00:05:38
Processed 914000/2255299 (40.53%) | 3964.7 docs/s | ETA 00:05:38
Processed 916000/2255299 (40.62%) | 3961.9 docs/s | ETA 00:05:38
Processed 918000/2255299 (40.70%) | 3963.6 docs/s | ETA 00:05:37
Processed 920000/2255299 (40.79%) | 3964.6 docs/s | ETA 00:05:36
Committed intermediate batch
Processed 922000/2255299 (40.88%) | 3957.8 docs/s | ETA 00:05:36
Processed 924000/2255299 (40.97%) | 3959.4 docs/s | ETA 00:05:36
Processed 926000/2255299 (41.06%) | 3959.7 docs/s | ETA 00:05:35
Processed 928000/2255299 (41.15%) | 3960.5 docs/s | ETA 00:05:35
Processed 930000/2255299 (41.24%) | 3960.6 docs/s | ETA 00:05:34
Processed 932000/2255299 (41.32%) | 3962.0 docs/s | ETA 00:05:33
Processed 934000/2255299 (41.41%) | 3959.3 docs/s | ETA 00:05:33
Processed 936000/2255299 (41.50%) | 3959.9 docs/s | ETA 00:05:33
Processed 938000/2255299 (41.59%) | 3961.3 docs/s | ETA 00:05:32
Processed 940000/2255299 (41.68%) | 3962.5 docs/s | ETA 00:05:31
Committed intermediate batch
Processed 942000/2255299 (41.77%) | 3956.6 docs/s | ETA 00:05:31
Processed 944000/2255299 (41.86%) | 3957.8 docs/s | ETA 00:05:31
Processed 946000/2255299 (41.95%) | 3958.7 docs/s | ETA 00:05:30
Processed 948000/2255299 (42.03%) | 3960.1 docs/s | ETA 00:05:30
Processed 950000/2255299 (42.12%) | 3960.7 docs/s | ETA 00:05:29
Processed 952000/2255299 (42.21%) | 3962.0 docs/s | ETA 00:05:28
Processed 954000/2255299 (42.30%) | 3962.6 docs/s | ETA 00:05:28
Processed 956000/2255299 (42.39%) | 3964.0 docs/s | ETA 00:05:27
Processed 958000/2255299 (42.48%) | 3965.4 docs/s | ETA 00:05:27
Processed 960000/2255299 (42.57%) | 3966.5 docs/s | ETA 00:05:26
Committed intermediate batch
Processed 962000/2255299 (42.66%) | 3958.7 docs/s | ETA 00:05:26
Processed 964000/2255299 (42.74%) | 3960.0 docs/s | ETA 00:05:26
Processed 966000/2255299 (42.83%) | 3961.2 docs/s | ETA 00:05:25
Processed 968000/2255299 (42.92%) | 3961.4 docs/s | ETA 00:05:24
Processed 970000/2255299 (43.01%) | 3961.9 docs/s | ETA 00:05:24
Processed 972000/2255299 (43.10%) | 3961.5 docs/s | ETA 00:05:23
Processed 974000/2255299 (43.19%) | 3962.3 docs/s | ETA 00:05:23
Processed 976000/2255299 (43.28%) | 3963.2 docs/s | ETA 00:05:22
Processed 978000/2255299 (43.36%) | 3964.8 docs/s | ETA 00:05:22
Processed 980000/2255299 (43.45%) | 3966.0 docs/s | ETA 00:05:21
Committed intermediate batch
Processed 982000/2255299 (43.54%) | 3958.6 docs/s | ETA 00:05:21
Processed 984000/2255299 (43.63%) | 3959.7 docs/s | ETA 00:05:21
Processed 986000/2255299 (43.72%) | 3960.8 docs/s | ETA 00:05:20
Processed 988000/2255299 (43.81%) | 3962.0 docs/s | ETA 00:05:19
Processed 990000/2255299 (43.90%) | 3962.5 docs/s | ETA 00:05:19
Processed 992000/2255299 (43.99%) | 3962.4 docs/s | ETA 00:05:18
Processed 994000/2255299 (44.07%) | 3963.3 docs/s | ETA 00:05:18
Processed 996000/2255299 (44.16%) | 3963.7 docs/s | ETA 00:05:17
Processed 998000/2255299 (44.25%) | 3965.0 docs/s | ETA 00:05:17
Processed 1000000/2255299 (44.34%) | 3965.9 docs/s | ETA 00:05:16
Committed intermediate batch
Processed 1002000/2255299 (44.43%) | 3929.9 docs/s | ETA 00:05:18
Processed 1004000/2255299 (44.52%) | 3931.1 docs/s | ETA 00:05:18
Processed 1006000/2255299 (44.61%) | 3932.0 docs/s | ETA 00:05:17
Processed 1008000/2255299 (44.69%) | 3933.0 docs/s | ETA 00:05:17
Processed 1010000/2255299 (44.78%) | 3933.5 docs/s | ETA 00:05:16
Processed 1012000/2255299 (44.87%) | 3934.6 docs/s | ETA 00:05:15
Processed 1014000/2255299 (44.96%) | 3936.2 docs/s | ETA 00:05:15
Processed 1016000/2255299 (45.05%) | 3936.7 docs/s | ETA 00:05:14
Processed 1018000/2255299 (45.14%) | 3938.0 docs/s | ETA 00:05:14
Processed 1020000/2255299 (45.23%) | 3938.8 docs/s | ETA 00:05:13
Committed intermediate batch
Processed 1022000/2255299 (45.32%) | 3925.1 docs/s | ETA 00:05:14
Processed 1024000/2255299 (45.40%) | 3925.9 docs/s | ETA 00:05:13
Processed 1026000/2255299 (45.49%) | 3926.2 docs/s | ETA 00:05:13
Processed 1028000/2255299 (45.58%) | 3927.6 docs/s | ETA 00:05:12
Processed 1030000/2255299 (45.67%) | 3929.0 docs/s | ETA 00:05:11
Processed 1032000/2255299 (45.76%) | 3929.8 docs/s | ETA 00:05:11
Processed 1034000/2255299 (45.85%) | 3930.9 docs/s | ETA 00:05:10
Processed 1036000/2255299 (45.94%) | 3931.1 docs/s | ETA 00:05:10
Processed 1038000/2255299 (46.02%) | 3932.3 docs/s | ETA 00:05:09
Processed 1040000/2255299 (46.11%) | 3933.6 docs/s | ETA 00:05:08
Committed intermediate batch
Processed 1042000/2255299 (46.20%) | 3926.7 docs/s | ETA 00:05:08
Processed 1044000/2255299 (46.29%) | 3927.8 docs/s | ETA 00:05:08
Processed 1046000/2255299 (46.38%) | 3928.7 docs/s | ETA 00:05:07
Processed 1048000/2255299 (46.47%) | 3929.5 docs/s | ETA 00:05:07
Processed 1050000/2255299 (46.56%) | 3930.2 docs/s | ETA 00:05:06
Processed 1052000/2255299 (46.65%) | 3931.3 docs/s | ETA 00:05:06
Processed 1054000/2255299 (46.73%) | 3932.1 docs/s | ETA 00:05:05
Processed 1056000/2255299 (46.82%) | 3933.5 docs/s | ETA 00:05:04
Processed 1058000/2255299 (46.91%) | 3934.8 docs/s | ETA 00:05:04
Processed 1060000/2255299 (47.00%) | 3936.0 docs/s | ETA 00:05:03
Committed intermediate batch
Processed 1062000/2255299 (47.09%) | 3930.2 docs/s | ETA 00:05:03
Processed 1064000/2255299 (47.18%) | 3931.2 docs/s | ETA 00:05:03
Processed 1066000/2255299 (47.27%) | 3932.0 docs/s | ETA 00:05:02
Processed 1068000/2255299 (47.36%) | 3933.0 docs/s | ETA 00:05:01
Processed 1070000/2255299 (47.44%) | 3934.0 docs/s | ETA 00:05:01
Processed 1072000/2255299 (47.53%) | 3934.8 docs/s | ETA 00:05:00
Processed 1074000/2255299 (47.62%) | 3935.7 docs/s | ETA 00:05:00
Processed 1076000/2255299 (47.71%) | 3936.0 docs/s | ETA 00:04:59
Processed 1078000/2255299 (47.80%) | 3937.2 docs/s | ETA 00:04:59
Processed 1080000/2255299 (47.89%) | 3938.5 docs/s | ETA 00:04:58
Committed intermediate batch
Processed 1082000/2255299 (47.98%) | 3930.8 docs/s | ETA 00:04:58
Processed 1084000/2255299 (48.06%) | 3932.0 docs/s | ETA 00:04:57
Processed 1086000/2255299 (48.15%) | 3933.1 docs/s | ETA 00:04:57
Processed 1088000/2255299 (48.24%) | 3934.0 docs/s | ETA 00:04:56
Processed 1090000/2255299 (48.33%) | 3934.1 docs/s | ETA 00:04:56
Processed 1092000/2255299 (48.42%) | 3935.0 docs/s | ETA 00:04:55
Processed 1094000/2255299 (48.51%) | 3935.4 docs/s | ETA 00:04:55
Processed 1096000/2255299 (48.60%) | 3936.7 docs/s | ETA 00:04:54
Processed 1098000/2255299 (48.69%) | 3938.1 docs/s | ETA 00:04:53
Processed 1100000/2255299 (48.77%) | 3939.6 docs/s | ETA 00:04:53
Committed intermediate batch
Processed 1102000/2255299 (48.86%) | 3933.2 docs/s | ETA 00:04:53
Processed 1104000/2255299 (48.95%) | 3934.0 docs/s | ETA 00:04:52
Processed 1106000/2255299 (49.04%) | 3934.9 docs/s | ETA 00:04:52
Processed 1108000/2255299 (49.13%) | 3935.8 docs/s | ETA 00:04:51
Processed 1110000/2255299 (49.22%) | 3936.9 docs/s | ETA 00:04:50
Processed 1112000/2255299 (49.31%) | 3938.0 docs/s | ETA 00:04:50
Processed 1114000/2255299 (49.39%) | 3939.1 docs/s | ETA 00:04:49
Processed 1116000/2255299 (49.48%) | 3940.2 docs/s | ETA 00:04:49
Processed 1118000/2255299 (49.57%) | 3941.5 docs/s | ETA 00:04:48
Processed 1120000/2255299 (49.66%) | 3942.8 docs/s | ETA 00:04:47
Committed intermediate batch
Processed 1122000/2255299 (49.75%) | 3935.8 docs/s | ETA 00:04:47
Processed 1124000/2255299 (49.84%) | 3937.2 docs/s | ETA 00:04:47
Processed 1126000/2255299 (49.93%) | 3937.4 docs/s | ETA 00:04:46
Processed 1128000/2255299 (50.02%) | 3937.0 docs/s | ETA 00:04:46
Processed 1130000/2255299 (50.10%) | 3937.3 docs/s | ETA 00:04:45
Processed 1132000/2255299 (50.19%) | 3937.4 docs/s | ETA 00:04:45
Processed 1134000/2255299 (50.28%) | 3937.7 docs/s | ETA 00:04:44
Processed 1136000/2255299 (50.37%) | 3938.2 docs/s | ETA 00:04:44
Processed 1138000/2255299 (50.46%) | 3937.5 docs/s | ETA 00:04:43
Processed 1140000/2255299 (50.55%) | 3938.9 docs/s | ETA 00:04:43
Committed intermediate batch
Processed 1142000/2255299 (50.64%) | 3931.7 docs/s | ETA 00:04:43
Processed 1144000/2255299 (50.72%) | 3932.4 docs/s | ETA 00:04:42
Processed 1146000/2255299 (50.81%) | 3933.5 docs/s | ETA 00:04:42
Processed 1148000/2255299 (50.90%) | 3935.0 docs/s | ETA 00:04:41
Processed 1150000/2255299 (50.99%) | 3936.1 docs/s | ETA 00:04:40
Processed 1152000/2255299 (51.08%) | 3937.0 docs/s | ETA 00:04:40
Processed 1154000/2255299 (51.17%) | 3938.0 docs/s | ETA 00:04:39
Processed 1156000/2255299 (51.26%) | 3939.2 docs/s | ETA 00:04:39
Processed 1158000/2255299 (51.35%) | 3939.3 docs/s | ETA 00:04:38
Processed 1160000/2255299 (51.43%) | 3939.8 docs/s | ETA 00:04:38
Committed intermediate batch
Processed 1162000/2255299 (51.52%) | 3933.2 docs/s | ETA 00:04:37
Processed 1164000/2255299 (51.61%) | 3933.9 docs/s | ETA 00:04:37
Processed 1166000/2255299 (51.70%) | 3935.1 docs/s | ETA 00:04:36
Processed 1168000/2255299 (51.79%) | 3936.3 docs/s | ETA 00:04:36
Processed 1170000/2255299 (51.88%) | 3937.2 docs/s | ETA 00:04:35
Processed 1172000/2255299 (51.97%) | 3938.1 docs/s | ETA 00:04:35
Processed 1174000/2255299 (52.06%) | 3939.2 docs/s | ETA 00:04:34
Processed 1176000/2255299 (52.14%) | 3940.6 docs/s | ETA 00:04:33
Processed 1178000/2255299 (52.23%) | 3941.4 docs/s | ETA 00:04:33
Processed 1180000/2255299 (52.32%) | 3942.1 docs/s | ETA 00:04:32
Committed intermediate batch
Processed 1182000/2255299 (52.41%) | 3936.6 docs/s | ETA 00:04:32
Processed 1184000/2255299 (52.50%) | 3937.4 docs/s | ETA 00:04:32
Processed 1186000/2255299 (52.59%) | 3938.3 docs/s | ETA 00:04:31
Processed 1188000/2255299 (52.68%) | 3939.5 docs/s | ETA 00:04:30
Processed 1190000/2255299 (52.76%) | 3940.4 docs/s | ETA 00:04:30
Processed 1192000/2255299 (52.85%) | 3940.4 docs/s | ETA 00:04:29
Processed 1194000/2255299 (52.94%) | 3941.4 docs/s | ETA 00:04:29
Processed 1196000/2255299 (53.03%) | 3942.1 docs/s | ETA 00:04:28
Processed 1198000/2255299 (53.12%) | 3943.5 docs/s | ETA 00:04:28
Processed 1200000/2255299 (53.21%) | 3944.6 docs/s | ETA 00:04:27
Committed intermediate batch
Processed 1202000/2255299 (53.30%) | 3939.2 docs/s | ETA 00:04:27
Processed 1204000/2255299 (53.39%) | 3940.4 docs/s | ETA 00:04:26
Processed 1206000/2255299 (53.47%) | 3941.2 docs/s | ETA 00:04:26
Processed 1208000/2255299 (53.56%) | 3942.1 docs/s | ETA 00:04:25
Processed 1210000/2255299 (53.65%) | 3943.0 docs/s | ETA 00:04:25
Processed 1212000/2255299 (53.74%) | 3944.0 docs/s | ETA 00:04:24
Processed 1214000/2255299 (53.83%) | 3944.5 docs/s | ETA 00:04:23
Processed 1216000/2255299 (53.92%) | 3945.4 docs/s | ETA 00:04:23
Processed 1218000/2255299 (54.01%) | 3945.5 docs/s | ETA 00:04:22
Processed 1220000/2255299 (54.09%) | 3946.3 docs/s | ETA 00:04:22
Committed intermediate batch
Processed 1222000/2255299 (54.18%) | 3926.9 docs/s | ETA 00:04:23
Processed 1224000/2255299 (54.27%) | 3928.0 docs/s | ETA 00:04:22
Processed 1226000/2255299 (54.36%) | 3929.1 docs/s | ETA 00:04:21
Processed 1228000/2255299 (54.45%) | 3930.4 docs/s | ETA 00:04:21
Processed 1230000/2255299 (54.54%) | 3931.2 docs/s | ETA 00:04:20
Processed 1232000/2255299 (54.63%) | 3931.9 docs/s | ETA 00:04:20
Processed 1234000/2255299 (54.72%) | 3933.1 docs/s | ETA 00:04:19
Processed 1236000/2255299 (54.80%) | 3934.3 docs/s | ETA 00:04:19
Processed 1238000/2255299 (54.89%) | 3935.0 docs/s | ETA 00:04:18
Processed 1240000/2255299 (54.98%) | 3935.9 docs/s | ETA 00:04:17
Committed intermediate batch
Processed 1242000/2255299 (55.07%) | 3929.1 docs/s | ETA 00:04:17
Processed 1244000/2255299 (55.16%) | 3930.1 docs/s | ETA 00:04:17
Processed 1246000/2255299 (55.25%) | 3931.1 docs/s | ETA 00:04:16
Processed 1248000/2255299 (55.34%) | 3932.0 docs/s | ETA 00:04:16
Processed 1250000/2255299 (55.43%) | 3932.9 docs/s | ETA 00:04:15
Processed 1252000/2255299 (55.51%) | 3934.2 docs/s | ETA 00:04:15
Processed 1254000/2255299 (55.60%) | 3935.4 docs/s | ETA 00:04:14
Processed 1256000/2255299 (55.69%) | 3936.0 docs/s | ETA 00:04:13
Processed 1258000/2255299 (55.78%) | 3937.4 docs/s | ETA 00:04:13
Processed 1260000/2255299 (55.87%) | 3938.8 docs/s | ETA 00:04:12
Committed intermediate batch
Processed 1262000/2255299 (55.96%) | 3933.5 docs/s | ETA 00:04:12
Processed 1264000/2255299 (56.05%) | 3934.5 docs/s | ETA 00:04:11
Processed 1266000/2255299 (56.13%) | 3935.8 docs/s | ETA 00:04:11
Processed 1268000/2255299 (56.22%) | 3937.1 docs/s | ETA 00:04:10
Processed 1270000/2255299 (56.31%) | 3937.9 docs/s | ETA 00:04:10
Processed 1272000/2255299 (56.40%) | 3939.0 docs/s | ETA 00:04:09
Processed 1274000/2255299 (56.49%) | 3939.8 docs/s | ETA 00:04:09
Processed 1276000/2255299 (56.58%) | 3941.2 docs/s | ETA 00:04:08
Processed 1278000/2255299 (56.67%) | 3942.1 docs/s | ETA 00:04:07
Processed 1280000/2255299 (56.76%) | 3943.3 docs/s | ETA 00:04:07
Committed intermediate batch
Processed 1282000/2255299 (56.84%) | 3938.3 docs/s | ETA 00:04:07
Processed 1284000/2255299 (56.93%) | 3939.3 docs/s | ETA 00:04:06
Processed 1286000/2255299 (57.02%) | 3940.5 docs/s | ETA 00:04:05
Processed 1288000/2255299 (57.11%) | 3942.0 docs/s | ETA 00:04:05
Processed 1290000/2255299 (57.20%) | 3942.7 docs/s | ETA 00:04:04
Processed 1292000/2255299 (57.29%) | 3943.8 docs/s | ETA 00:04:04
Processed 1294000/2255299 (57.38%) | 3945.0 docs/s | ETA 00:04:03
Processed 1296000/2255299 (57.46%) | 3946.4 docs/s | ETA 00:04:03
Processed 1298000/2255299 (57.55%) | 3947.0 docs/s | ETA 00:04:02
Processed 1300000/2255299 (57.64%) | 3947.6 docs/s | ETA 00:04:01
Committed intermediate batch
Processed 1302000/2255299 (57.73%) | 3936.6 docs/s | ETA 00:04:02
Processed 1304000/2255299 (57.82%) | 3937.6 docs/s | ETA 00:04:01
Processed 1306000/2255299 (57.91%) | 3939.0 docs/s | ETA 00:04:00
Processed 1308000/2255299 (58.00%) | 3940.3 docs/s | ETA 00:04:00
Processed 1310000/2255299 (58.09%) | 3941.4 docs/s | ETA 00:03:59
Processed 1312000/2255299 (58.17%) | 3941.9 docs/s | ETA 00:03:59
Processed 1314000/2255299 (58.26%) | 3942.8 docs/s | ETA 00:03:58
Processed 1316000/2255299 (58.35%) | 3943.8 docs/s | ETA 00:03:58
Processed 1318000/2255299 (58.44%) | 3944.2 docs/s | ETA 00:03:57
Processed 1320000/2255299 (58.53%) | 3945.1 docs/s | ETA 00:03:57
Committed intermediate batch
Processed 1322000/2255299 (58.62%) | 3939.2 docs/s | ETA 00:03:56
Processed 1324000/2255299 (58.71%) | 3940.1 docs/s | ETA 00:03:56
Processed 1326000/2255299 (58.79%) | 3941.1 docs/s | ETA 00:03:55
Processed 1328000/2255299 (58.88%) | 3942.1 docs/s | ETA 00:03:55
Processed 1330000/2255299 (58.97%) | 3943.2 docs/s | ETA 00:03:54
Processed 1332000/2255299 (59.06%) | 3944.2 docs/s | ETA 00:03:54
Processed 1334000/2255299 (59.15%) | 3945.0 docs/s | ETA 00:03:53
Processed 1336000/2255299 (59.24%) | 3946.4 docs/s | ETA 00:03:52
Processed 1338000/2255299 (59.33%) | 3947.7 docs/s | ETA 00:03:52
Processed 1340000/2255299 (59.42%) | 3948.8 docs/s | ETA 00:03:51
Committed intermediate batch
Processed 1342000/2255299 (59.50%) | 3944.6 docs/s | ETA 00:03:51
Processed 1344000/2255299 (59.59%) | 3945.4 docs/s | ETA 00:03:50
Processed 1346000/2255299 (59.68%) | 3946.5 docs/s | ETA 00:03:50
Processed 1348000/2255299 (59.77%) | 3947.3 docs/s | ETA 00:03:49
Processed 1350000/2255299 (59.86%) | 3948.0 docs/s | ETA 00:03:49
Processed 1352000/2255299 (59.95%) | 3949.0 docs/s | ETA 00:03:48
Processed 1354000/2255299 (60.04%) | 3950.2 docs/s | ETA 00:03:48
Processed 1356000/2255299 (60.13%) | 3951.0 docs/s | ETA 00:03:47
Processed 1358000/2255299 (60.21%) | 3951.7 docs/s | ETA 00:03:47
Processed 1360000/2255299 (60.30%) | 3952.9 docs/s | ETA 00:03:46
Committed intermediate batch
Processed 1362000/2255299 (60.39%) | 3948.1 docs/s | ETA 00:03:46
Processed 1364000/2255299 (60.48%) | 3948.7 docs/s | ETA 00:03:45
Processed 1366000/2255299 (60.57%) | 3949.6 docs/s | ETA 00:03:45
Processed 1368000/2255299 (60.66%) | 3950.5 docs/s | ETA 00:03:44
Processed 1370000/2255299 (60.75%) | 3951.1 docs/s | ETA 00:03:44
Processed 1372000/2255299 (60.83%) | 3951.6 docs/s | ETA 00:03:43
Processed 1374000/2255299 (60.92%) | 3952.4 docs/s | ETA 00:03:42
Processed 1376000/2255299 (61.01%) | 3953.8 docs/s | ETA 00:03:42
Processed 1378000/2255299 (61.10%) | 3954.8 docs/s | ETA 00:03:41
Processed 1380000/2255299 (61.19%) | 3955.8 docs/s | ETA 00:03:41
Committed intermediate batch
Processed 1382000/2255299 (61.28%) | 3951.4 docs/s | ETA 00:03:41
Processed 1384000/2255299 (61.37%) | 3952.5 docs/s | ETA 00:03:40
Processed 1386000/2255299 (61.46%) | 3953.5 docs/s | ETA 00:03:39
Processed 1388000/2255299 (61.54%) | 3954.0 docs/s | ETA 00:03:39
Processed 1390000/2255299 (61.63%) | 3954.9 docs/s | ETA 00:03:38
Processed 1392000/2255299 (61.72%) | 3955.8 docs/s | ETA 00:03:38
Processed 1394000/2255299 (61.81%) | 3956.8 docs/s | ETA 00:03:37
Processed 1396000/2255299 (61.90%) | 3957.8 docs/s | ETA 00:03:37
Processed 1398000/2255299 (61.99%) | 3958.9 docs/s | ETA 00:03:36
Processed 1400000/2255299 (62.08%) | 3959.7 docs/s | ETA 00:03:36
Committed intermediate batch
Processed 1402000/2255299 (62.16%) | 3955.0 docs/s | ETA 00:03:35
Processed 1404000/2255299 (62.25%) | 3956.2 docs/s | ETA 00:03:35
Processed 1406000/2255299 (62.34%) | 3957.5 docs/s | ETA 00:03:34
Processed 1408000/2255299 (62.43%) | 3958.6 docs/s | ETA 00:03:34
Processed 1410000/2255299 (62.52%) | 3959.7 docs/s | ETA 00:03:33
Processed 1412000/2255299 (62.61%) | 3961.1 docs/s | ETA 00:03:32
Processed 1414000/2255299 (62.70%) | 3962.2 docs/s | ETA 00:03:32
Processed 1416000/2255299 (62.79%) | 3962.9 docs/s | ETA 00:03:31
Processed 1418000/2255299 (62.87%) | 3963.7 docs/s | ETA 00:03:31
Processed 1420000/2255299 (62.96%) | 3965.0 docs/s | ETA 00:03:30
Committed intermediate batch
Processed 1422000/2255299 (63.05%) | 3958.0 docs/s | ETA 00:03:30
Processed 1424000/2255299 (63.14%) | 3959.2 docs/s | ETA 00:03:29
Processed 1426000/2255299 (63.23%) | 3960.3 docs/s | ETA 00:03:29
Processed 1428000/2255299 (63.32%) | 3961.1 docs/s | ETA 00:03:28
Processed 1430000/2255299 (63.41%) | 3961.6 docs/s | ETA 00:03:28
Processed 1432000/2255299 (63.49%) | 3962.4 docs/s | ETA 00:03:27
Processed 1434000/2255299 (63.58%) | 3963.4 docs/s | ETA 00:03:27
Processed 1436000/2255299 (63.67%) | 3964.7 docs/s | ETA 00:03:26
Processed 1438000/2255299 (63.76%) | 3965.4 docs/s | ETA 00:03:26
Processed 1440000/2255299 (63.85%) | 3966.4 docs/s | ETA 00:03:25
Committed intermediate batch
Processed 1442000/2255299 (63.94%) | 3961.7 docs/s | ETA 00:03:25
Processed 1444000/2255299 (64.03%) | 3962.9 docs/s | ETA 00:03:24
Processed 1446000/2255299 (64.12%) | 3963.6 docs/s | ETA 00:03:24
Processed 1448000/2255299 (64.20%) | 3964.7 docs/s | ETA 00:03:23
Processed 1450000/2255299 (64.29%) | 3965.2 docs/s | ETA 00:03:23
Processed 1452000/2255299 (64.38%) | 3965.6 docs/s | ETA 00:03:22
Processed 1454000/2255299 (64.47%) | 3966.2 docs/s | ETA 00:03:22
Processed 1456000/2255299 (64.56%) | 3966.9 docs/s | ETA 00:03:21
Processed 1458000/2255299 (64.65%) | 3968.0 docs/s | ETA 00:03:20
Processed 1460000/2255299 (64.74%) | 3969.0 docs/s | ETA 00:03:20
Committed intermediate batch
Processed 1462000/2255299 (64.83%) | 3964.6 docs/s | ETA 00:03:20
Processed 1464000/2255299 (64.91%) | 3965.7 docs/s | ETA 00:03:19
Processed 1466000/2255299 (65.00%) | 3966.7 docs/s | ETA 00:03:18
Processed 1468000/2255299 (65.09%) | 3967.5 docs/s | ETA 00:03:18
Processed 1470000/2255299 (65.18%) | 3968.4 docs/s | ETA 00:03:17
Processed 1472000/2255299 (65.27%) | 3969.2 docs/s | ETA 00:03:17
Processed 1474000/2255299 (65.36%) | 3970.4 docs/s | ETA 00:03:16
Processed 1476000/2255299 (65.45%) | 3971.3 docs/s | ETA 00:03:16
Processed 1478000/2255299 (65.53%) | 3972.5 docs/s | ETA 00:03:15
Processed 1480000/2255299 (65.62%) | 3973.6 docs/s | ETA 00:03:15
Committed intermediate batch
Processed 1482000/2255299 (65.71%) | 3964.0 docs/s | ETA 00:03:15
Processed 1484000/2255299 (65.80%) | 3965.3 docs/s | ETA 00:03:14
Processed 1486000/2255299 (65.89%) | 3966.4 docs/s | ETA 00:03:13
Processed 1488000/2255299 (65.98%) | 3967.4 docs/s | ETA 00:03:13
Processed 1490000/2255299 (66.07%) | 3968.0 docs/s | ETA 00:03:12
Processed 1492000/2255299 (66.16%) | 3968.6 docs/s | ETA 00:03:12
Processed 1494000/2255299 (66.24%) | 3969.7 docs/s | ETA 00:03:11
Processed 1496000/2255299 (66.33%) | 3970.7 docs/s | ETA 00:03:11
Processed 1498000/2255299 (66.42%) | 3971.5 docs/s | ETA 00:03:10
Processed 1500000/2255299 (66.51%) | 3972.5 docs/s | ETA 00:03:10
Committed intermediate batch
Processed 1502000/2255299 (66.60%) | 3968.2 docs/s | ETA 00:03:09
Processed 1504000/2255299 (66.69%) | 3968.9 docs/s | ETA 00:03:09
Processed 1506000/2255299 (66.78%) | 3969.8 docs/s | ETA 00:03:08
Processed 1508000/2255299 (66.86%) | 3970.9 docs/s | ETA 00:03:08
Processed 1510000/2255299 (66.95%) | 3971.9 docs/s | ETA 00:03:07
Processed 1512000/2255299 (67.04%) | 3972.6 docs/s | ETA 00:03:07
Processed 1514000/2255299 (67.13%) | 3973.4 docs/s | ETA 00:03:06
Processed 1516000/2255299 (67.22%) | 3974.4 docs/s | ETA 00:03:06
Processed 1518000/2255299 (67.31%) | 3974.9 docs/s | ETA 00:03:05
Processed 1520000/2255299 (67.40%) | 3975.9 docs/s | ETA 00:03:04
Committed intermediate batch
Processed 1522000/2255299 (67.49%) | 3972.2 docs/s | ETA 00:03:04
Processed 1524000/2255299 (67.57%) | 3973.3 docs/s | ETA 00:03:04
Processed 1526000/2255299 (67.66%) | 3974.0 docs/s | ETA 00:03:03
Processed 1528000/2255299 (67.75%) | 3974.9 docs/s | ETA 00:03:02
Processed 1530000/2255299 (67.84%) | 3975.9 docs/s | ETA 00:03:02
Processed 1532000/2255299 (67.93%) | 3976.8 docs/s | ETA 00:03:01
Processed 1534000/2255299 (68.02%) | 3977.4 docs/s | ETA 00:03:01
Processed 1536000/2255299 (68.11%) | 3978.5 docs/s | ETA 00:03:00
Processed 1538000/2255299 (68.19%) | 3979.5 docs/s | ETA 00:03:00
Processed 1540000/2255299 (68.28%) | 3980.7 docs/s | ETA 00:02:59
Committed intermediate batch
Processed 1542000/2255299 (68.37%) | 3977.0 docs/s | ETA 00:02:59
Processed 1544000/2255299 (68.46%) | 3978.3 docs/s | ETA 00:02:58
Processed 1546000/2255299 (68.55%) | 3979.3 docs/s | ETA 00:02:58
Processed 1548000/2255299 (68.64%) | 3979.9 docs/s | ETA 00:02:57
Processed 1550000/2255299 (68.73%) | 3980.9 docs/s | ETA 00:02:57
Processed 1552000/2255299 (68.82%) | 3982.1 docs/s | ETA 00:02:56
Processed 1554000/2255299 (68.90%) | 3982.9 docs/s | ETA 00:02:56
Processed 1556000/2255299 (68.99%) | 3983.9 docs/s | ETA 00:02:55
Processed 1558000/2255299 (69.08%) | 3984.6 docs/s | ETA 00:02:55
Processed 1560000/2255299 (69.17%) | 3985.4 docs/s | ETA 00:02:54
Committed intermediate batch
Processed 1562000/2255299 (69.26%) | 3981.5 docs/s | ETA 00:02:54
Processed 1564000/2255299 (69.35%) | 3982.6 docs/s | ETA 00:02:53
Processed 1566000/2255299 (69.44%) | 3983.6 docs/s | ETA 00:02:53
Processed 1568000/2255299 (69.53%) | 3984.6 docs/s | ETA 00:02:52
Processed 1570000/2255299 (69.61%) | 3985.1 docs/s | ETA 00:02:51
Processed 1572000/2255299 (69.70%) | 3986.0 docs/s | ETA 00:02:51
Processed 1574000/2255299 (69.79%) | 3986.6 docs/s | ETA 00:02:50
Processed 1576000/2255299 (69.88%) | 3987.5 docs/s | ETA 00:02:50
Processed 1578000/2255299 (69.97%) | 3987.7 docs/s | ETA 00:02:49
Processed 1580000/2255299 (70.06%) | 3988.9 docs/s | ETA 00:02:49
Committed intermediate batch
Processed 1582000/2255299 (70.15%) | 3984.6 docs/s | ETA 00:02:48
Processed 1584000/2255299 (70.23%) | 3985.7 docs/s | ETA 00:02:48
Processed 1586000/2255299 (70.32%) | 3986.7 docs/s | ETA 00:02:47
Processed 1588000/2255299 (70.41%) | 3987.3 docs/s | ETA 00:02:47
Processed 1590000/2255299 (70.50%) | 3988.1 docs/s | ETA 00:02:46
Processed 1592000/2255299 (70.59%) | 3989.2 docs/s | ETA 00:02:46
Processed 1594000/2255299 (70.68%) | 3990.2 docs/s | ETA 00:02:45
Processed 1596000/2255299 (70.77%) | 3991.0 docs/s | ETA 00:02:45
Processed 1598000/2255299 (70.86%) | 3992.3 docs/s | ETA 00:02:44
Processed 1600000/2255299 (70.94%) | 3993.4 docs/s | ETA 00:02:44
Committed intermediate batch
Processed 1602000/2255299 (71.03%) | 3988.4 docs/s | ETA 00:02:43
Processed 1604000/2255299 (71.12%) | 3989.5 docs/s | ETA 00:02:43
Processed 1606000/2255299 (71.21%) | 3990.7 docs/s | ETA 00:02:42
Processed 1608000/2255299 (71.30%) | 3991.5 docs/s | ETA 00:02:42
Processed 1610000/2255299 (71.39%) | 3992.4 docs/s | ETA 00:02:41
Processed 1612000/2255299 (71.48%) | 3993.4 docs/s | ETA 00:02:41
Processed 1614000/2255299 (71.56%) | 3994.6 docs/s | ETA 00:02:40
Processed 1616000/2255299 (71.65%) | 3995.5 docs/s | ETA 00:02:40
Processed 1618000/2255299 (71.74%) | 3995.8 docs/s | ETA 00:02:39
Processed 1620000/2255299 (71.83%) | 3996.5 docs/s | ETA 00:02:38
Committed intermediate batch
Processed 1622000/2255299 (71.92%) | 3993.2 docs/s | ETA 00:02:38
Processed 1624000/2255299 (72.01%) | 3994.1 docs/s | ETA 00:02:38
Processed 1626000/2255299 (72.10%) | 3994.7 docs/s | ETA 00:02:37
Processed 1628000/2255299 (72.19%) | 3995.6 docs/s | ETA 00:02:36
Processed 1630000/2255299 (72.27%) | 3996.3 docs/s | ETA 00:02:36
Processed 1632000/2255299 (72.36%) | 3996.8 docs/s | ETA 00:02:35
Processed 1634000/2255299 (72.45%) | 3997.4 docs/s | ETA 00:02:35
Processed 1636000/2255299 (72.54%) | 3998.6 docs/s | ETA 00:02:34
Processed 1638000/2255299 (72.63%) | 3998.9 docs/s | ETA 00:02:34
Processed 1640000/2255299 (72.72%) | 3999.7 docs/s | ETA 00:02:33
Committed intermediate batch
Processed 1642000/2255299 (72.81%) | 3994.9 docs/s | ETA 00:02:33
Processed 1644000/2255299 (72.89%) | 3995.5 docs/s | ETA 00:02:32
Processed 1646000/2255299 (72.98%) | 3996.4 docs/s | ETA 00:02:32
Processed 1648000/2255299 (73.07%) | 3997.5 docs/s | ETA 00:02:31
Processed 1650000/2255299 (73.16%) | 3998.3 docs/s | ETA 00:02:31
Processed 1652000/2255299 (73.25%) | 3999.1 docs/s | ETA 00:02:30
Processed 1654000/2255299 (73.34%) | 3999.7 docs/s | ETA 00:02:30
Processed 1656000/2255299 (73.43%) | 4000.6 docs/s | ETA 00:02:29
Processed 1658000/2255299 (73.52%) | 4001.8 docs/s | ETA 00:02:29
Processed 1660000/2255299 (73.60%) | 4003.0 docs/s | ETA 00:02:28
Committed intermediate batch
Processed 1662000/2255299 (73.69%) | 3999.0 docs/s | ETA 00:02:28
Processed 1664000/2255299 (73.78%) | 4000.1 docs/s | ETA 00:02:27
Processed 1666000/2255299 (73.87%) | 4000.7 docs/s | ETA 00:02:27
Processed 1668000/2255299 (73.96%) | 4001.1 docs/s | ETA 00:02:26
Processed 1670000/2255299 (74.05%) | 4001.9 docs/s | ETA 00:02:26
Processed 1672000/2255299 (74.14%) | 4002.7 docs/s | ETA 00:02:25
Processed 1674000/2255299 (74.23%) | 4003.4 docs/s | ETA 00:02:25
Processed 1676000/2255299 (74.31%) | 4003.9 docs/s | ETA 00:02:24
Processed 1678000/2255299 (74.40%) | 4004.5 docs/s | ETA 00:02:24
Processed 1680000/2255299 (74.49%) | 4005.6 docs/s | ETA 00:02:23
Committed intermediate batch
Processed 1682000/2255299 (74.58%) | 4000.3 docs/s | ETA 00:02:23
Processed 1684000/2255299 (74.67%) | 4001.2 docs/s | ETA 00:02:22
Processed 1686000/2255299 (74.76%) | 4002.2 docs/s | ETA 00:02:22
Processed 1688000/2255299 (74.85%) | 4002.7 docs/s | ETA 00:02:21
Processed 1690000/2255299 (74.93%) | 4003.6 docs/s | ETA 00:02:21
Processed 1692000/2255299 (75.02%) | 4004.3 docs/s | ETA 00:02:20
Processed 1694000/2255299 (75.11%) | 4005.3 docs/s | ETA 00:02:20
Processed 1696000/2255299 (75.20%) | 4006.0 docs/s | ETA 00:02:19
Processed 1698000/2255299 (75.29%) | 4006.8 docs/s | ETA 00:02:19
Processed 1700000/2255299 (75.38%) | 4007.8 docs/s | ETA 00:02:18
Committed intermediate batch
Processed 1702000/2255299 (75.47%) | 4004.0 docs/s | ETA 00:02:18
Processed 1704000/2255299 (75.56%) | 4004.6 docs/s | ETA 00:02:17
Processed 1706000/2255299 (75.64%) | 4005.2 docs/s | ETA 00:02:17
Processed 1708000/2255299 (75.73%) | 4006.0 docs/s | ETA 00:02:16
Processed 1710000/2255299 (75.82%) | 4006.8 docs/s | ETA 00:02:16
Processed 1712000/2255299 (75.91%) | 4007.8 docs/s | ETA 00:02:15
Processed 1714000/2255299 (76.00%) | 4008.4 docs/s | ETA 00:02:15
Processed 1716000/2255299 (76.09%) | 4009.4 docs/s | ETA 00:02:14
Processed 1718000/2255299 (76.18%) | 4010.5 docs/s | ETA 00:02:13
Processed 1720000/2255299 (76.26%) | 4011.5 docs/s | ETA 00:02:13
Committed intermediate batch
Processed 1722000/2255299 (76.35%) | 4008.1 docs/s | ETA 00:02:13
Processed 1724000/2255299 (76.44%) | 4009.2 docs/s | ETA 00:02:12
Processed 1726000/2255299 (76.53%) | 4010.3 docs/s | ETA 00:02:11
Processed 1728000/2255299 (76.62%) | 4010.9 docs/s | ETA 00:02:11
Processed 1730000/2255299 (76.71%) | 4012.0 docs/s | ETA 00:02:10
Processed 1732000/2255299 (76.80%) | 4013.0 docs/s | ETA 00:02:10
Processed 1734000/2255299 (76.89%) | 4014.0 docs/s | ETA 00:02:09
Processed 1736000/2255299 (76.97%) | 4015.0 docs/s | ETA 00:02:09
Processed 1738000/2255299 (77.06%) | 4016.1 docs/s | ETA 00:02:08
Processed 1740000/2255299 (77.15%) | 4016.8 docs/s | ETA 00:02:08
Committed intermediate batch
Processed 1742000/2255299 (77.24%) | 4013.9 docs/s | ETA 00:02:07
Processed 1744000/2255299 (77.33%) | 4014.9 docs/s | ETA 00:02:07
Processed 1746000/2255299 (77.42%) | 4016.2 docs/s | ETA 00:02:06
Processed 1748000/2255299 (77.51%) | 4016.7 docs/s | ETA 00:02:06
Processed 1750000/2255299 (77.60%) | 4017.5 docs/s | ETA 00:02:05
Processed 1752000/2255299 (77.68%) | 4018.4 docs/s | ETA 00:02:05
Processed 1754000/2255299 (77.77%) | 4019.5 docs/s | ETA 00:02:04
Processed 1756000/2255299 (77.86%) | 4020.3 docs/s | ETA 00:02:04
Processed 1758000/2255299 (77.95%) | 4021.4 docs/s | ETA 00:02:03
Processed 1760000/2255299 (78.04%) | 4022.5 docs/s | ETA 00:02:03
Committed intermediate batch
Processed 1762000/2255299 (78.13%) | 4019.2 docs/s | ETA 00:02:02
Processed 1764000/2255299 (78.22%) | 4020.3 docs/s | ETA 00:02:02
Processed 1766000/2255299 (78.30%) | 4021.3 docs/s | ETA 00:02:01
Processed 1768000/2255299 (78.39%) | 4022.1 docs/s | ETA 00:02:01
Processed 1770000/2255299 (78.48%) | 4023.1 docs/s | ETA 00:02:00
Processed 1772000/2255299 (78.57%) | 4023.9 docs/s | ETA 00:02:00
Processed 1774000/2255299 (78.66%) | 4024.4 docs/s | ETA 00:01:59
Processed 1776000/2255299 (78.75%) | 4025.3 docs/s | ETA 00:01:59
Processed 1778000/2255299 (78.84%) | 4026.3 docs/s | ETA 00:01:58
Processed 1780000/2255299 (78.93%) | 4027.1 docs/s | ETA 00:01:58
Committed intermediate batch
Processed 1782000/2255299 (79.01%) | 4023.6 docs/s | ETA 00:01:57
Processed 1784000/2255299 (79.10%) | 4024.7 docs/s | ETA 00:01:57
Processed 1786000/2255299 (79.19%) | 4025.4 docs/s | ETA 00:01:56
Processed 1788000/2255299 (79.28%) | 4026.2 docs/s | ETA 00:01:56
Processed 1790000/2255299 (79.37%) | 4027.2 docs/s | ETA 00:01:55
Processed 1792000/2255299 (79.46%) | 4028.0 docs/s | ETA 00:01:55
Processed 1794000/2255299 (79.55%) | 4028.7 docs/s | ETA 00:01:54
Processed 1796000/2255299 (79.63%) | 4029.4 docs/s | ETA 00:01:53
Processed 1798000/2255299 (79.72%) | 4030.5 docs/s | ETA 00:01:53
Processed 1800000/2255299 (79.81%) | 4031.7 docs/s | ETA 00:01:52
Committed intermediate batch
Processed 1802000/2255299 (79.90%) | 4028.3 docs/s | ETA 00:01:52
Processed 1804000/2255299 (79.99%) | 4029.3 docs/s | ETA 00:01:52
Processed 1806000/2255299 (80.08%) | 4030.4 docs/s | ETA 00:01:51
Processed 1808000/2255299 (80.17%) | 4031.0 docs/s | ETA 00:01:50
Processed 1810000/2255299 (80.26%) | 4031.7 docs/s | ETA 00:01:50
Processed 1812000/2255299 (80.34%) | 4032.6 docs/s | ETA 00:01:49
Processed 1814000/2255299 (80.43%) | 4033.0 docs/s | ETA 00:01:49
Processed 1816000/2255299 (80.52%) | 4033.6 docs/s | ETA 00:01:48
Processed 1818000/2255299 (80.61%) | 4034.3 docs/s | ETA 00:01:48
Processed 1820000/2255299 (80.70%) | 4035.1 docs/s | ETA 00:01:47
Committed intermediate batch
Processed 1822000/2255299 (80.79%) | 4031.2 docs/s | ETA 00:01:47
Processed 1824000/2255299 (80.88%) | 4032.0 docs/s | ETA 00:01:46
Processed 1826000/2255299 (80.96%) | 4033.0 docs/s | ETA 00:01:46
Processed 1828000/2255299 (81.05%) | 4033.8 docs/s | ETA 00:01:45
Processed 1830000/2255299 (81.14%) | 4034.3 docs/s | ETA 00:01:45
Processed 1832000/2255299 (81.23%) | 4035.0 docs/s | ETA 00:01:44
Processed 1834000/2255299 (81.32%) | 4035.8 docs/s | ETA 00:01:44
Processed 1836000/2255299 (81.41%) | 4036.7 docs/s | ETA 00:01:43
Processed 1838000/2255299 (81.50%) | 4036.9 docs/s | ETA 00:01:43
Processed 1840000/2255299 (81.59%) | 4037.6 docs/s | ETA 00:01:42
Committed intermediate batch
Processed 1842000/2255299 (81.67%) | 4034.2 docs/s | ETA 00:01:42
Processed 1844000/2255299 (81.76%) | 4034.7 docs/s | ETA 00:01:41
Processed 1846000/2255299 (81.85%) | 4035.5 docs/s | ETA 00:01:41
Processed 1848000/2255299 (81.94%) | 4036.2 docs/s | ETA 00:01:40
Processed 1850000/2255299 (82.03%) | 4036.6 docs/s | ETA 00:01:40
Processed 1852000/2255299 (82.12%) | 4037.5 docs/s | ETA 00:01:39
Processed 1854000/2255299 (82.21%) | 4038.0 docs/s | ETA 00:01:39
Processed 1856000/2255299 (82.30%) | 4038.8 docs/s | ETA 00:01:38
Processed 1858000/2255299 (82.38%) | 4039.0 docs/s | ETA 00:01:38
Processed 1860000/2255299 (82.47%) | 4039.7 docs/s | ETA 00:01:37
Committed intermediate batch
Processed 1862000/2255299 (82.56%) | 4034.9 docs/s | ETA 00:01:37
Processed 1864000/2255299 (82.65%) | 4035.7 docs/s | ETA 00:01:36
Processed 1866000/2255299 (82.74%) | 4036.4 docs/s | ETA 00:01:36
Processed 1868000/2255299 (82.83%) | 4037.5 docs/s | ETA 00:01:35
Processed 1870000/2255299 (82.92%) | 4038.4 docs/s | ETA 00:01:35
Processed 1872000/2255299 (83.00%) | 4038.9 docs/s | ETA 00:01:34
Processed 1874000/2255299 (83.09%) | 4039.7 docs/s | ETA 00:01:34
Processed 1876000/2255299 (83.18%) | 4040.4 docs/s | ETA 00:01:33
Processed 1878000/2255299 (83.27%) | 4040.7 docs/s | ETA 00:01:33
Processed 1880000/2255299 (83.36%) | 4041.6 docs/s | ETA 00:01:32
Committed intermediate batch
Processed 1882000/2255299 (83.45%) | 4038.2 docs/s | ETA 00:01:32
Processed 1884000/2255299 (83.54%) | 4038.9 docs/s | ETA 00:01:31
Processed 1886000/2255299 (83.63%) | 4039.4 docs/s | ETA 00:01:31
Processed 1888000/2255299 (83.71%) | 4040.1 docs/s | ETA 00:01:30
Processed 1890000/2255299 (83.80%) | 4040.9 docs/s | ETA 00:01:30
Processed 1892000/2255299 (83.89%) | 4041.6 docs/s | ETA 00:01:29
Processed 1894000/2255299 (83.98%) | 4042.2 docs/s | ETA 00:01:29
Processed 1896000/2255299 (84.07%) | 4042.9 docs/s | ETA 00:01:28
Processed 1898000/2255299 (84.16%) | 4043.6 docs/s | ETA 00:01:28
Processed 1900000/2255299 (84.25%) | 4044.5 docs/s | ETA 00:01:27
Committed intermediate batch
Processed 1902000/2255299 (84.33%) | 4040.7 docs/s | ETA 00:01:27
Processed 1904000/2255299 (84.42%) | 4041.6 docs/s | ETA 00:01:26
Processed 1906000/2255299 (84.51%) | 4042.6 docs/s | ETA 00:01:26
Processed 1908000/2255299 (84.60%) | 4043.2 docs/s | ETA 00:01:25
Processed 1910000/2255299 (84.69%) | 4044.0 docs/s | ETA 00:01:25
Processed 1912000/2255299 (84.78%) | 4044.7 docs/s | ETA 00:01:24
Processed 1914000/2255299 (84.87%) | 4045.5 docs/s | ETA 00:01:24
Processed 1916000/2255299 (84.96%) | 4046.3 docs/s | ETA 00:01:23
Processed 1918000/2255299 (85.04%) | 4047.1 docs/s | ETA 00:01:23
Processed 1920000/2255299 (85.13%) | 4047.8 docs/s | ETA 00:01:22
Committed intermediate batch
Processed 1922000/2255299 (85.22%) | 4044.2 docs/s | ETA 00:01:22
Processed 1924000/2255299 (85.31%) | 4044.8 docs/s | ETA 00:01:21
Processed 1926000/2255299 (85.40%) | 4045.4 docs/s | ETA 00:01:21
Processed 1928000/2255299 (85.49%) | 4046.0 docs/s | ETA 00:01:20
Processed 1930000/2255299 (85.58%) | 4046.7 docs/s | ETA 00:01:20
Processed 1932000/2255299 (85.66%) | 4047.4 docs/s | ETA 00:01:19
Processed 1934000/2255299 (85.75%) | 4047.9 docs/s | ETA 00:01:19
Processed 1936000/2255299 (85.84%) | 4048.9 docs/s | ETA 00:01:18
Processed 1938000/2255299 (85.93%) | 4049.3 docs/s | ETA 00:01:18
Processed 1940000/2255299 (86.02%) | 4049.9 docs/s | ETA 00:01:17
Committed intermediate batch
Processed 1942000/2255299 (86.11%) | 4045.9 docs/s | ETA 00:01:17
Processed 1944000/2255299 (86.20%) | 4046.6 docs/s | ETA 00:01:16
Processed 1946000/2255299 (86.29%) | 4047.5 docs/s | ETA 00:01:16
Processed 1948000/2255299 (86.37%) | 4048.5 docs/s | ETA 00:01:15
Processed 1950000/2255299 (86.46%) | 4049.2 docs/s | ETA 00:01:15
Processed 1952000/2255299 (86.55%) | 4049.6 docs/s | ETA 00:01:14
Processed 1954000/2255299 (86.64%) | 4050.1 docs/s | ETA 00:01:14
Processed 1956000/2255299 (86.73%) | 4050.7 docs/s | ETA 00:01:13
Processed 1958000/2255299 (86.82%) | 4051.3 docs/s | ETA 00:01:13
Processed 1960000/2255299 (86.91%) | 4052.2 docs/s | ETA 00:01:12
Committed intermediate batch
Processed 1962000/2255299 (87.00%) | 4047.9 docs/s | ETA 00:01:12
Processed 1964000/2255299 (87.08%) | 4048.7 docs/s | ETA 00:01:11
Processed 1966000/2255299 (87.17%) | 4049.7 docs/s | ETA 00:01:11
Processed 1968000/2255299 (87.26%) | 4050.6 docs/s | ETA 00:01:10
Processed 1970000/2255299 (87.35%) | 4051.4 docs/s | ETA 00:01:10
Processed 1972000/2255299 (87.44%) | 4052.3 docs/s | ETA 00:01:09
Processed 1974000/2255299 (87.53%) | 4053.0 docs/s | ETA 00:01:09
Processed 1976000/2255299 (87.62%) | 4053.8 docs/s | ETA 00:01:08
Processed 1978000/2255299 (87.70%) | 4054.2 docs/s | ETA 00:01:08
Processed 1980000/2255299 (87.79%) | 4055.0 docs/s | ETA 00:01:07
Committed intermediate batch
Processed 1982000/2255299 (87.88%) | 4052.1 docs/s | ETA 00:01:07
Processed 1984000/2255299 (87.97%) | 4053.0 docs/s | ETA 00:01:06
Processed 1986000/2255299 (88.06%) | 4053.4 docs/s | ETA 00:01:06
Processed 1988000/2255299 (88.15%) | 4054.0 docs/s | ETA 00:01:05
Processed 1990000/2255299 (88.24%) | 4054.6 docs/s | ETA 00:01:05
Processed 1992000/2255299 (88.33%) | 4055.0 docs/s | ETA 00:01:04
Processed 1994000/2255299 (88.41%) | 4055.6 docs/s | ETA 00:01:04
Processed 1996000/2255299 (88.50%) | 4056.5 docs/s | ETA 00:01:03
Processed 1998000/2255299 (88.59%) | 4057.2 docs/s | ETA 00:01:03
Processed 2000000/2255299 (88.68%) | 4057.5 docs/s | ETA 00:01:02
Committed intermediate batch
Processed 2002000/2255299 (88.77%) | 4053.9 docs/s | ETA 00:01:02
Processed 2004000/2255299 (88.86%) | 4054.5 docs/s | ETA 00:01:01
Processed 2006000/2255299 (88.95%) | 4054.7 docs/s | ETA 00:01:01
Processed 2008000/2255299 (89.03%) | 4055.4 docs/s | ETA 00:01:00
Processed 2010000/2255299 (89.12%) | 4055.5 docs/s | ETA 00:01:00
Processed 2012000/2255299 (89.21%) | 4056.2 docs/s | ETA 00:00:59
Processed 2014000/2255299 (89.30%) | 4056.9 docs/s | ETA 00:00:59
Processed 2016000/2255299 (89.39%) | 4057.1 docs/s | ETA 00:00:58
Processed 2018000/2255299 (89.48%) | 4057.8 docs/s | ETA 00:00:58
Processed 2020000/2255299 (89.57%) | 4058.2 docs/s | ETA 00:00:57
Committed intermediate batch
Processed 2022000/2255299 (89.66%) | 4054.3 docs/s | ETA 00:00:57
Processed 2024000/2255299 (89.74%) | 4055.1 docs/s | ETA 00:00:57
Processed 2026000/2255299 (89.83%) | 4055.4 docs/s | ETA 00:00:56
Processed 2028000/2255299 (89.92%) | 4056.2 docs/s | ETA 00:00:56
Processed 2030000/2255299 (90.01%) | 4056.8 docs/s | ETA 00:00:55
Processed 2032000/2255299 (90.10%) | 4056.9 docs/s | ETA 00:00:55
Processed 2034000/2255299 (90.19%) | 4057.6 docs/s | ETA 00:00:54
Processed 2036000/2255299 (90.28%) | 4058.3 docs/s | ETA 00:00:54
Processed 2038000/2255299 (90.36%) | 4058.5 docs/s | ETA 00:00:53
Processed 2040000/2255299 (90.45%) | 4059.2 docs/s | ETA 00:00:53
Committed intermediate batch
Processed 2042000/2255299 (90.54%) | 4055.3 docs/s | ETA 00:00:52
Processed 2044000/2255299 (90.63%) | 4056.1 docs/s | ETA 00:00:52
Processed 2046000/2255299 (90.72%) | 4056.9 docs/s | ETA 00:00:51
Processed 2048000/2255299 (90.81%) | 4057.5 docs/s | ETA 00:00:51
Processed 2050000/2255299 (90.90%) | 4058.4 docs/s | ETA 00:00:50
Processed 2052000/2255299 (90.99%) | 4059.1 docs/s | ETA 00:00:50
Processed 2054000/2255299 (91.07%) | 4059.9 docs/s | ETA 00:00:49
Processed 2056000/2255299 (91.16%) | 4060.7 docs/s | ETA 00:00:49
Processed 2058000/2255299 (91.25%) | 4061.2 docs/s | ETA 00:00:48
Processed 2060000/2255299 (91.34%) | 4062.1 docs/s | ETA 00:00:48
Committed intermediate batch
Processed 2062000/2255299 (91.43%) | 4059.1 docs/s | ETA 00:00:47
Processed 2064000/2255299 (91.52%) | 4059.5 docs/s | ETA 00:00:47
Processed 2066000/2255299 (91.61%) | 4060.2 docs/s | ETA 00:00:46
Processed 2068000/2255299 (91.70%) | 4061.1 docs/s | ETA 00:00:46
Processed 2070000/2255299 (91.78%) | 4061.6 docs/s | ETA 00:00:45
Processed 2072000/2255299 (91.87%) | 4062.1 docs/s | ETA 00:00:45
Processed 2074000/2255299 (91.96%) | 4062.2 docs/s | ETA 00:00:44
Processed 2076000/2255299 (92.05%) | 4063.0 docs/s | ETA 00:00:44
Processed 2078000/2255299 (92.14%) | 4063.7 docs/s | ETA 00:00:43
Processed 2080000/2255299 (92.23%) | 4064.0 docs/s | ETA 00:00:43
Committed intermediate batch
Processed 2082000/2255299 (92.32%) | 4060.3 docs/s | ETA 00:00:42
Processed 2084000/2255299 (92.40%) | 4060.8 docs/s | ETA 00:00:42
Processed 2086000/2255299 (92.49%) | 4061.2 docs/s | ETA 00:00:41
Processed 2088000/2255299 (92.58%) | 4062.0 docs/s | ETA 00:00:41
Processed 2090000/2255299 (92.67%) | 4062.3 docs/s | ETA 00:00:40
Processed 2092000/2255299 (92.76%) | 4062.9 docs/s | ETA 00:00:40
Processed 2094000/2255299 (92.85%) | 4063.4 docs/s | ETA 00:00:39
Processed 2096000/2255299 (92.94%) | 4064.1 docs/s | ETA 00:00:39
Processed 2098000/2255299 (93.03%) | 4064.9 docs/s | ETA 00:00:38
Processed 2100000/2255299 (93.11%) | 4065.3 docs/s | ETA 00:00:38
Committed intermediate batch
Processed 2102000/2255299 (93.20%) | 4039.1 docs/s | ETA 00:00:37
Processed 2104000/2255299 (93.29%) | 4039.7 docs/s | ETA 00:00:37
Processed 2106000/2255299 (93.38%) | 4040.6 docs/s | ETA 00:00:36
Processed 2108000/2255299 (93.47%) | 4041.2 docs/s | ETA 00:00:36
Processed 2110000/2255299 (93.56%) | 4041.7 docs/s | ETA 00:00:35
Processed 2112000/2255299 (93.65%) | 4042.5 docs/s | ETA 00:00:35
Processed 2114000/2255299 (93.73%) | 4042.8 docs/s | ETA 00:00:34
Processed 2116000/2255299 (93.82%) | 4043.4 docs/s | ETA 00:00:34
Processed 2118000/2255299 (93.91%) | 4044.1 docs/s | ETA 00:00:33
Processed 2120000/2255299 (94.00%) | 4044.3 docs/s | ETA 00:00:33
Committed intermediate batch
Processed 2122000/2255299 (94.09%) | 4040.6 docs/s | ETA 00:00:32
Processed 2124000/2255299 (94.18%) | 4041.3 docs/s | ETA 00:00:32
Processed 2126000/2255299 (94.27%) | 4041.6 docs/s | ETA 00:00:31
Processed 2128000/2255299 (94.36%) | 4042.1 docs/s | ETA 00:00:31
Processed 2130000/2255299 (94.44%) | 4042.5 docs/s | ETA 00:00:30
Processed 2132000/2255299 (94.53%) | 4042.8 docs/s | ETA 00:00:30
Processed 2134000/2255299 (94.62%) | 4043.3 docs/s | ETA 00:00:29
Processed 2136000/2255299 (94.71%) | 4044.0 docs/s | ETA 00:00:29
Processed 2138000/2255299 (94.80%) | 4044.4 docs/s | ETA 00:00:29
Processed 2140000/2255299 (94.89%) | 4045.1 docs/s | ETA 00:00:28
Committed intermediate batch
Processed 2142000/2255299 (94.98%) | 4041.5 docs/s | ETA 00:00:28
Processed 2144000/2255299 (95.07%) | 4042.2 docs/s | ETA 00:00:27
Processed 2146000/2255299 (95.15%) | 4042.5 docs/s | ETA 00:00:27
Processed 2148000/2255299 (95.24%) | 4043.3 docs/s | ETA 00:00:26
Processed 2150000/2255299 (95.33%) | 4043.6 docs/s | ETA 00:00:26
Processed 2152000/2255299 (95.42%) | 4044.3 docs/s | ETA 00:00:25
Processed 2154000/2255299 (95.51%) | 4045.0 docs/s | ETA 00:00:25
Processed 2156000/2255299 (95.60%) | 4045.9 docs/s | ETA 00:00:24
Processed 2158000/2255299 (95.69%) | 4045.8 docs/s | ETA 00:00:24
Processed 2160000/2255299 (95.77%) | 4046.4 docs/s | ETA 00:00:23
Committed intermediate batch
Processed 2162000/2255299 (95.86%) | 4042.7 docs/s | ETA 00:00:23
Processed 2164000/2255299 (95.95%) | 4043.5 docs/s | ETA 00:00:22
Processed 2166000/2255299 (96.04%) | 4044.0 docs/s | ETA 00:00:22
Processed 2168000/2255299 (96.13%) | 4044.6 docs/s | ETA 00:00:21
Processed 2170000/2255299 (96.22%) | 4045.2 docs/s | ETA 00:00:21
Processed 2172000/2255299 (96.31%) | 4045.8 docs/s | ETA 00:00:20
Processed 2174000/2255299 (96.40%) | 4046.2 docs/s | ETA 00:00:20
Processed 2176000/2255299 (96.48%) | 4047.0 docs/s | ETA 00:00:19
Processed 2178000/2255299 (96.57%) | 4047.7 docs/s | ETA 00:00:19
Processed 2180000/2255299 (96.66%) | 4048.3 docs/s | ETA 00:00:18
Committed intermediate batch
Processed 2182000/2255299 (96.75%) | 4045.0 docs/s | ETA 00:00:18
Processed 2184000/2255299 (96.84%) | 4045.7 docs/s | ETA 00:00:17
Processed 2186000/2255299 (96.93%) | 4046.5 docs/s | ETA 00:00:17
Processed 2188000/2255299 (97.02%) | 4047.1 docs/s | ETA 00:00:16
Processed 2190000/2255299 (97.10%) | 4047.5 docs/s | ETA 00:00:16
Processed 2192000/2255299 (97.19%) | 4048.1 docs/s | ETA 00:00:15
Processed 2194000/2255299 (97.28%) | 4048.9 docs/s | ETA 00:00:15
Processed 2196000/2255299 (97.37%) | 4049.6 docs/s | ETA 00:00:14
Processed 2198000/2255299 (97.46%) | 4050.4 docs/s | ETA 00:00:14
Processed 2200000/2255299 (97.55%) | 4051.3 docs/s | ETA 00:00:13
Committed intermediate batch
Processed 2202000/2255299 (97.64%) | 4047.7 docs/s | ETA 00:00:13
Processed 2204000/2255299 (97.73%) | 4048.6 docs/s | ETA 00:00:12
Processed 2206000/2255299 (97.81%) | 4049.5 docs/s | ETA 00:00:12
Processed 2208000/2255299 (97.90%) | 4050.3 docs/s | ETA 00:00:11
Processed 2210000/2255299 (97.99%) | 4051.0 docs/s | ETA 00:00:11
Processed 2212000/2255299 (98.08%) | 4052.1 docs/s | ETA 00:00:10
Processed 2214000/2255299 (98.17%) | 4052.9 docs/s | ETA 00:00:10
Processed 2216000/2255299 (98.26%) | 4053.9 docs/s | ETA 00:00:09
Processed 2218000/2255299 (98.35%) | 4054.8 docs/s | ETA 00:00:09
Processed 2220000/2255299 (98.43%) | 4055.6 docs/s | ETA 00:00:08
Committed intermediate batch
Processed 2222000/2255299 (98.52%) | 4051.0 docs/s | ETA 00:00:08
Processed 2224000/2255299 (98.61%) | 4051.7 docs/s | ETA 00:00:07
Processed 2226000/2255299 (98.70%) | 4052.0 docs/s | ETA 00:00:07
Processed 2228000/2255299 (98.79%) | 4052.6 docs/s | ETA 00:00:06
Processed 2230000/2255299 (98.88%) | 4053.3 docs/s | ETA 00:00:06
Processed 2232000/2255299 (98.97%) | 4053.7 docs/s | ETA 00:00:05
Processed 2234000/2255299 (99.06%) | 4054.6 docs/s | ETA 00:00:05
Processed 2236000/2255299 (99.14%) | 4055.3 docs/s | ETA 00:00:04
Processed 2238000/2255299 (99.23%) | 4055.6 docs/s | ETA 00:00:04
Processed 2240000/2255299 (99.32%) | 4056.4 docs/s | ETA 00:00:03
Committed intermediate batch
Processed 2242000/2255299 (99.41%) | 4052.7 docs/s | ETA 00:00:03
Processed 2244000/2255299 (99.50%) | 4052.9 docs/s | ETA 00:00:02
Processed 2246000/2255299 (99.59%) | 4053.5 docs/s | ETA 00:00:02
Processed 2248000/2255299 (99.68%) | 4054.1 docs/s | ETA 00:00:01
Processed 2250000/2255299 (99.77%) | 4054.6 docs/s | ETA 00:00:01
Processed 2252000/2255299 (99.85%) | 4055.0 docs/s | ETA 00:00:00
Processed 2254000/2255299 (99.94%) | 4055.7 docs/s | ETA 00:00:00
Processed 2255299/2255299 (100.00%) | 4056.1 docs/s | ETA 00:00:00
Done. Updated 2255299 docs in 556.7s
